<?xml version="1.0" encoding="UTF-8"?>
<testsuites>
  <testsuite name="D:\Projects\DLMS_Project\phpunit.xml" tests="1043" assertions="6557" errors="0" failures="0" skipped="0" time="216.937690">
    <testsuite name="Unit" tests="35" assertions="88" errors="0" failures="0" skipped="0" time="1.006151">
      <testsuite name="Tests\Unit\AgentLanguageDetectorTest" file="D:\Projects\DLMS_Project\tests\Unit\AgentLanguageDetectorTest.php" tests="17" assertions="49" errors="0" failures="0" skipped="0" time="0.520032">
        <testcase name="test_detects_pure_arabic" file="D:\Projects\DLMS_Project\tests\Unit\AgentLanguageDetectorTest.php" line="18" class="Tests\Unit\AgentLanguageDetectorTest" classname="Tests.Unit.AgentLanguageDetectorTest" assertions="5" time="0.179009"/>
        <testcase name="test_detects_pure_english" file="D:\Projects\DLMS_Project\tests\Unit\AgentLanguageDetectorTest.php" line="28" class="Tests\Unit\AgentLanguageDetectorTest" classname="Tests.Unit.AgentLanguageDetectorTest" assertions="5" time="0.020226"/>
        <testcase name="test_handles_mixed_arabic_with_technical_term" file="D:\Projects\DLMS_Project\tests\Unit\AgentLanguageDetectorTest.php" line="38" class="Tests\Unit\AgentLanguageDetectorTest" classname="Tests.Unit.AgentLanguageDetectorTest" assertions="1" time="0.020911"/>
        <testcase name="test_handles_numeric_only_with_session_fallback" file="D:\Projects\DLMS_Project\tests\Unit\AgentLanguageDetectorTest.php" line="46" class="Tests\Unit\AgentLanguageDetectorTest" classname="Tests.Unit.AgentLanguageDetectorTest" assertions="3" time="0.021719"/>
        <testcase name="test_handles_numeric_only_without_session" file="D:\Projects\DLMS_Project\tests\Unit\AgentLanguageDetectorTest.php" line="55" class="Tests\Unit\AgentLanguageDetectorTest" classname="Tests.Unit.AgentLanguageDetectorTest" assertions="2" time="0.020591"/>
        <testcase name="test_detects_explicit_arabic_request" file="D:\Projects\DLMS_Project\tests\Unit\AgentLanguageDetectorTest.php" line="64" class="Tests\Unit\AgentLanguageDetectorTest" classname="Tests.Unit.AgentLanguageDetectorTest" assertions="4" time="0.021414"/>
        <testcase name="test_detects_explicit_english_request" file="D:\Projects\DLMS_Project\tests\Unit\AgentLanguageDetectorTest.php" line="74" class="Tests\Unit\AgentLanguageDetectorTest" classname="Tests.Unit.AgentLanguageDetectorTest" assertions="4" time="0.021503"/>
        <testcase name="test_detects_arabic_short_response" file="D:\Projects\DLMS_Project\tests\Unit\AgentLanguageDetectorTest.php" line="84" class="Tests\Unit\AgentLanguageDetectorTest" classname="Tests.Unit.AgentLanguageDetectorTest" assertions="3" time="0.021368"/>
        <testcase name="test_detects_english_short_response" file="D:\Projects\DLMS_Project\tests\Unit\AgentLanguageDetectorTest.php" line="93" class="Tests\Unit\AgentLanguageDetectorTest" classname="Tests.Unit.AgentLanguageDetectorTest" assertions="3" time="0.021415"/>
        <testcase name="test_short_response_inherits_session_locale" file="D:\Projects\DLMS_Project\tests\Unit\AgentLanguageDetectorTest.php" line="102" class="Tests\Unit\AgentLanguageDetectorTest" classname="Tests.Unit.AgentLanguageDetectorTest" assertions="5" time="0.020936"/>
        <testcase name="test_handles_empty_string" file="D:\Projects\DLMS_Project\tests\Unit\AgentLanguageDetectorTest.php" line="114" class="Tests\Unit\AgentLanguageDetectorTest" classname="Tests.Unit.AgentLanguageDetectorTest" assertions="2" time="0.020014"/>
        <testcase name="test_handles_punctuation_only" file="D:\Projects\DLMS_Project\tests\Unit\AgentLanguageDetectorTest.php" line="122" class="Tests\Unit\AgentLanguageDetectorTest" classname="Tests.Unit.AgentLanguageDetectorTest" assertions="2" time="0.020369"/>
        <testcase name="test_uses_session_locale_for_ambiguous" file="D:\Projects\DLMS_Project\tests\Unit\AgentLanguageDetectorTest.php" line="130" class="Tests\Unit\AgentLanguageDetectorTest" classname="Tests.Unit.AgentLanguageDetectorTest" assertions="1" time="0.020539"/>
        <testcase name="test_technical_terms_dont_override_arabic" file="D:\Projects\DLMS_Project\tests\Unit\AgentLanguageDetectorTest.php" line="137" class="Tests\Unit\AgentLanguageDetectorTest" classname="Tests.Unit.AgentLanguageDetectorTest" assertions="3" time="0.027119"/>
        <testcase name="test_english_dominant_mixed_message" file="D:\Projects\DLMS_Project\tests\Unit\AgentLanguageDetectorTest.php" line="151" class="Tests\Unit\AgentLanguageDetectorTest" classname="Tests.Unit.AgentLanguageDetectorTest" assertions="1" time="0.020973"/>
        <testcase name="test_explicit_request_in_mixed_context" file="D:\Projects\DLMS_Project\tests\Unit\AgentLanguageDetectorTest.php" line="159" class="Tests\Unit\AgentLanguageDetectorTest" classname="Tests.Unit.AgentLanguageDetectorTest" assertions="2" time="0.021619"/>
        <testcase name="test_case_insensitive_detection" file="D:\Projects\DLMS_Project\tests\Unit\AgentLanguageDetectorTest.php" line="168" class="Tests\Unit\AgentLanguageDetectorTest" classname="Tests.Unit.AgentLanguageDetectorTest" assertions="3" time="0.020307"/>
      </testsuite>
      <testsuite name="Tests\Unit\AgentLocaleContextTest" file="D:\Projects\DLMS_Project\tests\Unit\AgentLocaleContextTest.php" tests="10" assertions="23" errors="0" failures="0" skipped="0" time="0.290026">
        <testcase name="test_default_locale_is_arabic" file="D:\Projects\DLMS_Project\tests\Unit\AgentLocaleContextTest.php" line="10" class="Tests\Unit\AgentLocaleContextTest" classname="Tests.Unit.AgentLocaleContextTest" assertions="3" time="0.105510"/>
        <testcase name="test_can_set_english_locale" file="D:\Projects\DLMS_Project\tests\Unit\AgentLocaleContextTest.php" line="19" class="Tests\Unit\AgentLocaleContextTest" classname="Tests.Unit.AgentLocaleContextTest" assertions="3" time="0.019950"/>
        <testcase name="test_can_set_arabic_locale" file="D:\Projects\DLMS_Project\tests\Unit\AgentLocaleContextTest.php" line="29" class="Tests\Unit\AgentLocaleContextTest" classname="Tests.Unit.AgentLocaleContextTest" assertions="3" time="0.020714"/>
        <testcase name="test_invalid_locale_defaults_to_arabic" file="D:\Projects\DLMS_Project\tests\Unit\AgentLocaleContextTest.php" line="39" class="Tests\Unit\AgentLocaleContextTest" classname="Tests.Unit.AgentLocaleContextTest" assertions="1" time="0.020454"/>
        <testcase name="test_arabic_has_rtl_direction" file="D:\Projects\DLMS_Project\tests\Unit\AgentLocaleContextTest.php" line="47" class="Tests\Unit\AgentLocaleContextTest" classname="Tests.Unit.AgentLocaleContextTest" assertions="1" time="0.019927"/>
        <testcase name="test_english_has_ltr_direction" file="D:\Projects\DLMS_Project\tests\Unit\AgentLocaleContextTest.php" line="55" class="Tests\Unit\AgentLocaleContextTest" classname="Tests.Unit.AgentLocaleContextTest" assertions="1" time="0.019992"/>
        <testcase name="test_detection_metadata_can_be_stored" file="D:\Projects\DLMS_Project\tests\Unit\AgentLocaleContextTest.php" line="63" class="Tests\Unit\AgentLocaleContextTest" classname="Tests.Unit.AgentLocaleContextTest" assertions="3" time="0.022970"/>
        <testcase name="test_supported_locales_contains_arabic_and_english" file="D:\Projects\DLMS_Project\tests\Unit\AgentLocaleContextTest.php" line="75" class="Tests\Unit\AgentLocaleContextTest" classname="Tests.Unit.AgentLocaleContextTest" assertions="3" time="0.020508"/>
        <testcase name="test_default_locale_is_arabic_static" file="D:\Projects\DLMS_Project\tests\Unit\AgentLocaleContextTest.php" line="84" class="Tests\Unit\AgentLocaleContextTest" classname="Tests.Unit.AgentLocaleContextTest" assertions="1" time="0.020228"/>
        <testcase name="test_is_supported_validates_correctly" file="D:\Projects\DLMS_Project\tests\Unit\AgentLocaleContextTest.php" line="89" class="Tests\Unit\AgentLocaleContextTest" classname="Tests.Unit.AgentLocaleContextTest" assertions="4" time="0.019774"/>
      </testsuite>
      <testsuite name="Tests\Unit\CitizenMessageTranslatorTest" file="D:\Projects\DLMS_Project\tests\Unit\CitizenMessageTranslatorTest.php" tests="6" assertions="11" errors="0" failures="0" skipped="0" time="0.168478">
        <testcase name="test_arabic_locale_returns_arabic_message" file="D:\Projects\DLMS_Project\tests\Unit\CitizenMessageTranslatorTest.php" line="12" class="Tests\Unit\CitizenMessageTranslatorTest" classname="Tests.Unit.CitizenMessageTranslatorTest" assertions="1" time="0.060241"/>
        <testcase name="test_english_locale_returns_english_when_en_pack_exists" file="D:\Projects\DLMS_Project\tests\Unit\CitizenMessageTranslatorTest.php" line="22" class="Tests\Unit\CitizenMessageTranslatorTest" classname="Tests.Unit.CitizenMessageTranslatorTest" assertions="2" time="0.022467"/>
        <testcase name="test_missing_english_key_falls_back_to_arabic_without_exposing_key" file="D:\Projects\DLMS_Project\tests\Unit\CitizenMessageTranslatorTest.php" line="32" class="Tests\Unit\CitizenMessageTranslatorTest" classname="Tests.Unit.CitizenMessageTranslatorTest" assertions="2" time="0.021900"/>
        <testcase name="test_replacements_still_work_in_english" file="D:\Projects\DLMS_Project\tests\Unit\CitizenMessageTranslatorTest.php" line="43" class="Tests\Unit\CitizenMessageTranslatorTest" classname="Tests.Unit.CitizenMessageTranslatorTest" assertions="3" time="0.021302"/>
        <testcase name="test_unsupported_locale_falls_back_to_arabic" file="D:\Projects\DLMS_Project\tests\Unit\CitizenMessageTranslatorTest.php" line="60" class="Tests\Unit\CitizenMessageTranslatorTest" classname="Tests.Unit.CitizenMessageTranslatorTest" assertions="1" time="0.021306"/>
        <testcase name="test_arabic_message_translator_and_msg_remain_forced_arabic" file="D:\Projects\DLMS_Project\tests\Unit\CitizenMessageTranslatorTest.php" line="70" class="Tests\Unit\CitizenMessageTranslatorTest" classname="Tests.Unit.CitizenMessageTranslatorTest" assertions="2" time="0.021262"/>
      </testsuite>
      <testsuite name="Tests\Unit\DashboardPaymentPresenterMoneyTest" file="D:\Projects\DLMS_Project\tests\Unit\DashboardPaymentPresenterMoneyTest.php" tests="1" assertions="4" errors="0" failures="0" skipped="0" time="0.023539">
        <testcase name="test_formats_exact_decimal_strings_without_float_precision_loss" file="D:\Projects\DLMS_Project\tests\Unit\DashboardPaymentPresenterMoneyTest.php" line="10" class="Tests\Unit\DashboardPaymentPresenterMoneyTest" classname="Tests.Unit.DashboardPaymentPresenterMoneyTest" assertions="4" time="0.023539"/>
      </testsuite>
      <testsuite name="Tests\Unit\ExampleTest" file="D:\Projects\DLMS_Project\tests\Unit\ExampleTest.php" tests="1" assertions="1" errors="0" failures="0" skipped="0" time="0.004076">
        <testcase name="test_that_true_is_true" file="D:\Projects\DLMS_Project\tests\Unit\ExampleTest.php" line="12" class="Tests\Unit\ExampleTest" classname="Tests.Unit.ExampleTest" assertions="1" time="0.004076"/>
      </testsuite>
    </testsuite>
    <testsuite name="Feature" tests="1008" assertions="6469" errors="0" failures="0" skipped="0" time="215.931539">
      <testsuite name="Tests\Feature\AIAgentActionExecutionTest" file="D:\Projects\DLMS_Project\tests\Feature\AIAgentActionExecutionTest.php" tests="23" assertions="103" errors="0" failures="0" skipped="0" time="15.721895">
        <testcase name="test_citizen_can_confirm_create_application_action" file="D:\Projects\DLMS_Project\tests\Feature\AIAgentActionExecutionTest.php" line="86" class="Tests\Feature\AIAgentActionExecutionTest" classname="Tests.Feature.AIAgentActionExecutionTest" assertions="14" time="9.470833"/>
        <testcase name="test_confirming_create_application_creates_license_application" file="D:\Projects\DLMS_Project\tests\Feature\AIAgentActionExecutionTest.php" line="107" class="Tests\Feature\AIAgentActionExecutionTest" classname="Tests.Feature.AIAgentActionExecutionTest" assertions="4" time="0.462031"/>
        <testcase name="test_action_status_and_result_are_stored_after_success" file="D:\Projects\DLMS_Project\tests\Feature\AIAgentActionExecutionTest.php" line="128" class="Tests\Feature\AIAgentActionExecutionTest" classname="Tests.Feature.AIAgentActionExecutionTest" assertions="6" time="0.255255"/>
        <testcase name="test_citizen_cannot_confirm_another_citizen_action" file="D:\Projects\DLMS_Project\tests\Feature\AIAgentActionExecutionTest.php" line="146" class="Tests\Feature\AIAgentActionExecutionTest" classname="Tests.Feature.AIAgentActionExecutionTest" assertions="1" time="0.257634"/>
        <testcase name="test_guest_cannot_confirm_action" file="D:\Projects\DLMS_Project\tests\Feature\AIAgentActionExecutionTest.php" line="158" class="Tests\Feature\AIAgentActionExecutionTest" classname="Tests.Feature.AIAgentActionExecutionTest" assertions="1" time="0.246694"/>
        <testcase name="test_employee_cannot_use_citizen_ai_action_endpoint" file="D:\Projects\DLMS_Project\tests\Feature\AIAgentActionExecutionTest.php" line="167" class="Tests\Feature\AIAgentActionExecutionTest" classname="Tests.Feature.AIAgentActionExecutionTest" assertions="1" time="0.387912"/>
        <testcase name="test_cancelled_action_cannot_be_confirmed" file="D:\Projects\DLMS_Project\tests\Feature\AIAgentActionExecutionTest.php" line="180" class="Tests\Feature\AIAgentActionExecutionTest" classname="Tests.Feature.AIAgentActionExecutionTest" assertions="2" time="0.233983"/>
        <testcase name="test_executed_action_cannot_be_confirmed_again" file="D:\Projects\DLMS_Project\tests\Feature\AIAgentActionExecutionTest.php" line="194" class="Tests\Feature\AIAgentActionExecutionTest" classname="Tests.Feature.AIAgentActionExecutionTest" assertions="3" time="0.276419"/>
        <testcase name="test_forbidden_admin_action_cannot_be_executed" file="D:\Projects\DLMS_Project\tests\Feature\AIAgentActionExecutionTest.php" line="208" class="Tests\Feature\AIAgentActionExecutionTest" classname="Tests.Feature.AIAgentActionExecutionTest" assertions="3" time="0.239967"/>
        <testcase name="test_create_application_respects_profile_completion_rule" file="D:\Projects\DLMS_Project\tests\Feature\AIAgentActionExecutionTest.php" line="225" class="Tests\Feature\AIAgentActionExecutionTest" classname="Tests.Feature.AIAgentActionExecutionTest" assertions="5" time="0.264307"/>
        <testcase name="test_failed_action_stores_error_message" file="D:\Projects\DLMS_Project\tests\Feature\AIAgentActionExecutionTest.php" line="248" class="Tests\Feature\AIAgentActionExecutionTest" classname="Tests.Feature.AIAgentActionExecutionTest" assertions="3" time="0.239191"/>
        <testcase name="test_cancel_endpoint_changes_status_to_cancelled" file="D:\Projects\DLMS_Project\tests\Feature\AIAgentActionExecutionTest.php" line="266" class="Tests\Feature\AIAgentActionExecutionTest" classname="Tests.Feature.AIAgentActionExecutionTest" assertions="4" time="0.234454"/>
        <testcase name="test_assistant_message_is_saved_after_action_execution" file="D:\Projects\DLMS_Project\tests\Feature\AIAgentActionExecutionTest.php" line="284" class="Tests\Feature\AIAgentActionExecutionTest" classname="Tests.Feature.AIAgentActionExecutionTest" assertions="5" time="0.263363"/>
        <testcase name="test_evaluation_row_is_created_on_execution" file="D:\Projects\DLMS_Project\tests\Feature\AIAgentActionExecutionTest.php" line="309" class="Tests\Feature\AIAgentActionExecutionTest" classname="Tests.Feature.AIAgentActionExecutionTest" assertions="2" time="0.326842"/>
        <testcase name="test_full_flow_message_session_confirm_creates_application" file="D:\Projects\DLMS_Project\tests\Feature\AIAgentActionExecutionTest.php" line="325" class="Tests\Feature\AIAgentActionExecutionTest" classname="Tests.Feature.AIAgentActionExecutionTest" assertions="5" time="0.343985"/>
        <testcase name="test_get_fines_action_can_be_confirmed" file="D:\Projects\DLMS_Project\tests\Feature\AIAgentActionExecutionTest.php" line="379" class="Tests\Feature\AIAgentActionExecutionTest" classname="Tests.Feature.AIAgentActionExecutionTest" assertions="5" time="0.243873"/>
        <testcase name="test_confirm_create_application_fails_when_duplicate_active_application_exists" file="D:\Projects\DLMS_Project\tests\Feature\AIAgentActionExecutionTest.php" line="392" class="Tests\Feature\AIAgentActionExecutionTest" classname="Tests.Feature.AIAgentActionExecutionTest" assertions="5" time="0.310514"/>
        <testcase name="test_citizen_b_not_blocked_by_citizen_a_active_application_on_confirm" file="D:\Projects\DLMS_Project\tests\Feature\AIAgentActionExecutionTest.php" line="426" class="Tests\Feature\AIAgentActionExecutionTest" classname="Tests.Feature.AIAgentActionExecutionTest" assertions="3" time="0.264882"/>
        <testcase name="test_get_application_next_step_returns_arabic_message_not_translation_key" file="D:\Projects\DLMS_Project\tests\Feature\AIAgentActionExecutionTest.php" line="451" class="Tests\Feature\AIAgentActionExecutionTest" classname="Tests.Feature.AIAgentActionExecutionTest" assertions="5" time="0.272707"/>
        <testcase name="test_get_application_status_requires_owned_application" file="D:\Projects\DLMS_Project\tests\Feature\AIAgentActionExecutionTest.php" line="483" class="Tests\Feature\AIAgentActionExecutionTest" classname="Tests.Feature.AIAgentActionExecutionTest" assertions="2" time="0.280053"/>
        <testcase name="test_get_current_appointments_executes_without_confirmation" file="D:\Projects\DLMS_Project\tests\Feature\AIAgentActionExecutionTest.php" line="512" class="Tests\Feature\AIAgentActionExecutionTest" classname="Tests.Feature.AIAgentActionExecutionTest" assertions="6" time="0.296352"/>
        <testcase name="test_book_appointment_confirm_returns_structured_appointment_payload" file="D:\Projects\DLMS_Project\tests\Feature\AIAgentActionExecutionTest.php" line="543" class="Tests\Feature\AIAgentActionExecutionTest" classname="Tests.Feature.AIAgentActionExecutionTest" assertions="8" time="0.280218"/>
        <testcase name="test_book_appointment_confirm_theory_before_vision_returns_arabic_message" file="D:\Projects\DLMS_Project\tests\Feature\AIAgentActionExecutionTest.php" line="578" class="Tests\Feature\AIAgentActionExecutionTest" classname="Tests.Feature.AIAgentActionExecutionTest" assertions="10" time="0.270426"/>
      </testsuite>
      <testsuite name="Tests\Feature\AIAgentApplicationSelectionFlowTest" file="D:\Projects\DLMS_Project\tests\Feature\AIAgentApplicationSelectionFlowTest.php" tests="14" assertions="114" errors="0" failures="0" skipped="0" time="3.400222">
        <testcase name="test_single_application_status_executes_immediately" file="D:\Projects\DLMS_Project\tests\Feature\AIAgentApplicationSelectionFlowTest.php" line="75" class="Tests\Feature\AIAgentApplicationSelectionFlowTest" classname="Tests.Feature.AIAgentApplicationSelectionFlowTest" assertions="6" time="0.209854"/>
        <testcase name="test_multiple_applications_return_selection_buttons_and_pending_workflow" file="D:\Projects\DLMS_Project\tests\Feature\AIAgentApplicationSelectionFlowTest.php" line="99" class="Tests\Feature\AIAgentApplicationSelectionFlowTest" classname="Tests.Feature.AIAgentApplicationSelectionFlowTest" assertions="12" time="0.229118"/>
        <testcase name="test_select_application_interaction_resumes_status_without_general_help" file="D:\Projects\DLMS_Project\tests\Feature\AIAgentApplicationSelectionFlowTest.php" line="127" class="Tests\Feature\AIAgentApplicationSelectionFlowTest" classname="Tests.Feature.AIAgentApplicationSelectionFlowTest" assertions="10" time="0.234293"/>
        <testcase name="test_text_first_and_application_id_selection_work" file="D:\Projects\DLMS_Project\tests\Feature\AIAgentApplicationSelectionFlowTest.php" line="158" class="Tests\Feature\AIAgentApplicationSelectionFlowTest" classname="Tests.Feature.AIAgentApplicationSelectionFlowTest" assertions="8" time="0.278850"/>
        <testcase name="test_ambiguous_text_does_not_return_general_help" file="D:\Projects\DLMS_Project\tests\Feature\AIAgentApplicationSelectionFlowTest.php" line="190" class="Tests\Feature\AIAgentApplicationSelectionFlowTest" classname="Tests.Feature.AIAgentApplicationSelectionFlowTest" assertions="17" time="0.268371"/>
        <testcase name="test_tampered_and_foreign_tokens_are_rejected" file="D:\Projects\DLMS_Project\tests\Feature\AIAgentApplicationSelectionFlowTest.php" line="214" class="Tests\Feature\AIAgentApplicationSelectionFlowTest" classname="Tests.Feature.AIAgentApplicationSelectionFlowTest" assertions="3" time="0.241393"/>
        <testcase name="test_document_purpose_token_rejected_by_pending_workflow" file="D:\Projects\DLMS_Project\tests\Feature\AIAgentApplicationSelectionFlowTest.php" line="239" class="Tests\Feature\AIAgentApplicationSelectionFlowTest" classname="Tests.Feature.AIAgentApplicationSelectionFlowTest" assertions="5" time="0.268642"/>
        <testcase name="test_cancel_pending_workflow" file="D:\Projects\DLMS_Project\tests\Feature\AIAgentApplicationSelectionFlowTest.php" line="269" class="Tests\Feature\AIAgentApplicationSelectionFlowTest" classname="Tests.Feature.AIAgentApplicationSelectionFlowTest" assertions="4" time="0.215568"/>
        <testcase name="test_yes_during_application_selection_does_not_start_document_upload" file="D:\Projects\DLMS_Project\tests\Feature\AIAgentApplicationSelectionFlowTest.php" line="289" class="Tests\Feature\AIAgentApplicationSelectionFlowTest" classname="Tests.Feature.AIAgentApplicationSelectionFlowTest" assertions="5" time="0.213461"/>
        <testcase name="test_next_step_multi_application_selection_continues" file="D:\Projects\DLMS_Project\tests\Feature\AIAgentApplicationSelectionFlowTest.php" line="311" class="Tests\Feature\AIAgentApplicationSelectionFlowTest" classname="Tests.Feature.AIAgentApplicationSelectionFlowTest" assertions="4" time="0.236821"/>
        <testcase name="test_submit_documents_selection_does_not_execute_submit" file="D:\Projects\DLMS_Project\tests\Feature\AIAgentApplicationSelectionFlowTest.php" line="345" class="Tests\Feature\AIAgentApplicationSelectionFlowTest" classname="Tests.Feature.AIAgentApplicationSelectionFlowTest" assertions="6" time="0.224920"/>
        <testcase name="test_change_topic_during_selection_clears_pending_and_runs_new_intent" file="D:\Projects\DLMS_Project\tests\Feature\AIAgentApplicationSelectionFlowTest.php" line="378" class="Tests\Feature\AIAgentApplicationSelectionFlowTest" classname="Tests.Feature.AIAgentApplicationSelectionFlowTest" assertions="7" time="0.225676"/>
        <testcase name="test_show_application_choices_again_reissues_tokens" file="D:\Projects\DLMS_Project\tests\Feature\AIAgentApplicationSelectionFlowTest.php" line="403" class="Tests\Feature\AIAgentApplicationSelectionFlowTest" classname="Tests.Feature.AIAgentApplicationSelectionFlowTest" assertions="6" time="0.214834"/>
        <testcase name="test_unrecognized_pending_replies_never_return_general_help" file="D:\Projects\DLMS_Project\tests\Feature\AIAgentApplicationSelectionFlowTest.php" line="425" class="Tests\Feature\AIAgentApplicationSelectionFlowTest" classname="Tests.Feature.AIAgentApplicationSelectionFlowTest" assertions="21" time="0.338421"/>
      </testsuite>
      <testsuite name="Tests\Feature\AIAgentAppointmentMultiSlotFlowTest" file="D:\Projects\DLMS_Project\tests\Feature\AIAgentAppointmentMultiSlotFlowTest.php" tests="12" assertions="97" errors="0" failures="0" skipped="0" time="4.469982">
        <testcase name="test_book_end_to_end_single_application_button_and_confirm" file="D:\Projects\DLMS_Project\tests\Feature\AIAgentAppointmentMultiSlotFlowTest.php" line="115" class="Tests\Feature\AIAgentAppointmentMultiSlotFlowTest" classname="Tests.Feature.AIAgentAppointmentMultiSlotFlowTest" assertions="14" time="0.356536"/>
        <testcase name="test_book_multiple_applications_then_slot_text_ordinal" file="D:\Projects\DLMS_Project\tests\Feature\AIAgentAppointmentMultiSlotFlowTest.php" line="151" class="Tests\Feature\AIAgentAppointmentMultiSlotFlowTest" classname="Tests.Feature.AIAgentAppointmentMultiSlotFlowTest" assertions="8" time="0.397347"/>
        <testcase name="test_slot_text_arabic_persian_digits_and_ambiguous_not_general_help" file="D:\Projects\DLMS_Project\tests\Feature\AIAgentAppointmentMultiSlotFlowTest.php" line="184" class="Tests\Feature\AIAgentAppointmentMultiSlotFlowTest" classname="Tests.Feature.AIAgentAppointmentMultiSlotFlowTest" assertions="10" time="0.543782"/>
        <testcase name="test_stale_slot_and_expired_and_foreign_token" file="D:\Projects\DLMS_Project\tests\Feature\AIAgentAppointmentMultiSlotFlowTest.php" line="219" class="Tests\Feature\AIAgentAppointmentMultiSlotFlowTest" classname="Tests.Feature.AIAgentAppointmentMultiSlotFlowTest" assertions="9" time="0.446844"/>
        <testcase name="test_no_slots_returns_structured_empty_response" file="D:\Projects\DLMS_Project\tests\Feature\AIAgentAppointmentMultiSlotFlowTest.php" line="277" class="Tests\Feature\AIAgentAppointmentMultiSlotFlowTest" classname="Tests.Feature.AIAgentAppointmentMultiSlotFlowTest" assertions="4" time="0.291115"/>
        <testcase name="test_cancel_appointment_end_to_end" file="D:\Projects\DLMS_Project\tests\Feature\AIAgentAppointmentMultiSlotFlowTest.php" line="294" class="Tests\Feature\AIAgentAppointmentMultiSlotFlowTest" classname="Tests.Feature.AIAgentAppointmentMultiSlotFlowTest" assertions="7" time="0.306217"/>
        <testcase name="test_reschedule_end_to_end_and_stale_replacement_slot" file="D:\Projects\DLMS_Project\tests\Feature\AIAgentAppointmentMultiSlotFlowTest.php" line="326" class="Tests\Feature\AIAgentAppointmentMultiSlotFlowTest" classname="Tests.Feature.AIAgentAppointmentMultiSlotFlowTest" assertions="15" time="0.398738"/>
        <testcase name="test_multiple_appointments_require_selection_before_cancel" file="D:\Projects\DLMS_Project\tests\Feature\AIAgentAppointmentMultiSlotFlowTest.php" line="391" class="Tests\Feature\AIAgentAppointmentMultiSlotFlowTest" classname="Tests.Feature.AIAgentAppointmentMultiSlotFlowTest" assertions="9" time="0.395787"/>
        <testcase name="test_topic_change_and_cancel_phrase_clear_slot_workflow" file="D:\Projects\DLMS_Project\tests\Feature\AIAgentAppointmentMultiSlotFlowTest.php" line="433" class="Tests\Feature\AIAgentAppointmentMultiSlotFlowTest" classname="Tests.Feature.AIAgentAppointmentMultiSlotFlowTest" assertions="8" time="0.388374"/>
        <testcase name="test_english_book_flow_uses_english_replies" file="D:\Projects\DLMS_Project\tests\Feature\AIAgentAppointmentMultiSlotFlowTest.php" line="468" class="Tests\Feature\AIAgentAppointmentMultiSlotFlowTest" classname="Tests.Feature.AIAgentAppointmentMultiSlotFlowTest" assertions="4" time="0.290911"/>
        <testcase name="test_current_appointments_returns_structured_data_without_forcing_selection" file="D:\Projects\DLMS_Project\tests\Feature\AIAgentAppointmentMultiSlotFlowTest.php" line="485" class="Tests\Feature\AIAgentAppointmentMultiSlotFlowTest" classname="Tests.Feature.AIAgentAppointmentMultiSlotFlowTest" assertions="7" time="0.332039"/>
        <testcase name="test_tampered_slot_token_rejected" file="D:\Projects\DLMS_Project\tests\Feature\AIAgentAppointmentMultiSlotFlowTest.php" line="515" class="Tests\Feature\AIAgentAppointmentMultiSlotFlowTest" classname="Tests.Feature.AIAgentAppointmentMultiSlotFlowTest" assertions="2" time="0.322292"/>
      </testsuite>
      <testsuite name="Tests\Feature\AIAgentBilingualHardeningTest" file="D:\Projects\DLMS_Project\tests\Feature\AIAgentBilingualHardeningTest.php" tests="11" assertions="104" errors="0" failures="0" skipped="0" time="4.378054">
        <testcase name="test_first_message_arabic_sets_language_ar" file="D:\Projects\DLMS_Project\tests\Feature\AIAgentBilingualHardeningTest.php" line="119" class="Tests\Feature\AIAgentBilingualHardeningTest" classname="Tests.Feature.AIAgentBilingualHardeningTest" assertions="6" time="0.362212"/>
        <testcase name="test_first_message_english_sets_language_en" file="D:\Projects\DLMS_Project\tests\Feature\AIAgentBilingualHardeningTest.php" line="135" class="Tests\Feature\AIAgentBilingualHardeningTest" classname="Tests.Feature.AIAgentBilingualHardeningTest" assertions="6" time="0.354758"/>
        <testcase name="test_mid_session_language_switch_preserves_pending_workflow" file="D:\Projects\DLMS_Project\tests\Feature\AIAgentBilingualHardeningTest.php" line="151" class="Tests\Feature\AIAgentBilingualHardeningTest" classname="Tests.Feature.AIAgentBilingualHardeningTest" assertions="13" time="0.386560"/>
        <testcase name="test_explicit_language_switch_keeps_pending_selection" file="D:\Projects\DLMS_Project\tests\Feature\AIAgentBilingualHardeningTest.php" line="195" class="Tests\Feature\AIAgentBilingualHardeningTest" classname="Tests.Feature.AIAgentBilingualHardeningTest" assertions="6" time="0.381096"/>
        <testcase name="test_short_yes_inherits_workflow_locale_during_confirmation" file="D:\Projects\DLMS_Project\tests\Feature\AIAgentBilingualHardeningTest.php" line="228" class="Tests\Feature\AIAgentBilingualHardeningTest" classname="Tests.Feature.AIAgentBilingualHardeningTest" assertions="9" time="0.390507"/>
        <testcase name="test_mixed_technical_terms_do_not_flip_arabic_locale" file="D:\Projects\DLMS_Project\tests\Feature\AIAgentBilingualHardeningTest.php" line="256" class="Tests\Feature\AIAgentBilingualHardeningTest" classname="Tests.Feature.AIAgentBilingualHardeningTest" assertions="4" time="0.307850"/>
        <testcase name="test_english_core_flows_new_renew_lost_damaged_payment_licenses_fines" file="D:\Projects\DLMS_Project\tests\Feature\AIAgentBilingualHardeningTest.php" line="272" class="Tests\Feature\AIAgentBilingualHardeningTest" classname="Tests.Feature.AIAgentBilingualHardeningTest" assertions="29" time="0.661022"/>
        <testcase name="test_arabic_and_english_general_help_and_empty_states" file="D:\Projects\DLMS_Project\tests\Feature\AIAgentBilingualHardeningTest.php" line="336" class="Tests\Feature\AIAgentBilingualHardeningTest" classname="Tests.Feature.AIAgentBilingualHardeningTest" assertions="10" time="0.372333"/>
        <testcase name="test_interactions_restore_session_language" file="D:\Projects\DLMS_Project\tests\Feature\AIAgentBilingualHardeningTest.php" line="361" class="Tests\Feature\AIAgentBilingualHardeningTest" classname="Tests.Feature.AIAgentBilingualHardeningTest" assertions="5" time="0.439759"/>
        <testcase name="test_english_documents_and_tests_phrases" file="D:\Projects\DLMS_Project\tests\Feature\AIAgentBilingualHardeningTest.php" line="386" class="Tests\Feature\AIAgentBilingualHardeningTest" classname="Tests.Feature.AIAgentBilingualHardeningTest" assertions="6" time="0.318308"/>
        <testcase name="test_english_appointment_book_reschedule_cancel_phrases" file="D:\Projects\DLMS_Project\tests\Feature\AIAgentBilingualHardeningTest.php" line="413" class="Tests\Feature\AIAgentBilingualHardeningTest" classname="Tests.Feature.AIAgentBilingualHardeningTest" assertions="10" time="0.403647"/>
      </testsuite>
      <testsuite name="Tests\Feature\AIAgentCatalogLocalizationTest" file="D:\Projects\DLMS_Project\tests\Feature\AIAgentCatalogLocalizationTest.php" tests="5" assertions="37" errors="0" failures="0" skipped="0" time="1.501011">
        <testcase name="test_catalog_localizer_resolves_known_codes" file="D:\Projects\DLMS_Project\tests\Feature\AIAgentCatalogLocalizationTest.php" line="75" class="Tests\Feature\AIAgentCatalogLocalizationTest" classname="Tests.Feature.AIAgentCatalogLocalizationTest" assertions="6" time="0.279825"/>
        <testcase name="test_english_required_documents_reply_has_no_arabic_catalog_labels" file="D:\Projects\DLMS_Project\tests\Feature\AIAgentCatalogLocalizationTest.php" line="85" class="Tests\Feature\AIAgentCatalogLocalizationTest" classname="Tests.Feature.AIAgentCatalogLocalizationTest" assertions="11" time="0.328874"/>
        <testcase name="test_arabic_required_documents_reply_uses_arabic_catalog_labels" file="D:\Projects\DLMS_Project\tests\Feature\AIAgentCatalogLocalizationTest.php" line="111" class="Tests\Feature\AIAgentCatalogLocalizationTest" classname="Tests.Feature.AIAgentCatalogLocalizationTest" assertions="5" time="0.285476"/>
        <testcase name="test_language_switch_changes_subsequent_document_labels" file="D:\Projects\DLMS_Project\tests\Feature\AIAgentCatalogLocalizationTest.php" line="127" class="Tests\Feature\AIAgentCatalogLocalizationTest" classname="Tests.Feature.AIAgentCatalogLocalizationTest" assertions="6" time="0.313693"/>
        <testcase name="test_contract_fields_on_document_offer" file="D:\Projects\DLMS_Project\tests\Feature\AIAgentCatalogLocalizationTest.php" line="148" class="Tests\Feature\AIAgentCatalogLocalizationTest" classname="Tests.Feature.AIAgentCatalogLocalizationTest" assertions="9" time="0.293143"/>
      </testsuite>
      <testsuite name="Tests\Feature\AIAgentCitizenServicesPhase25Test" file="D:\Projects\DLMS_Project\tests\Feature\AIAgentCitizenServicesPhase25Test.php" tests="6" assertions="69" errors="0" failures="0" skipped="0" time="2.636794">
        <testcase name="test_new_license_e2e_arabic_confirm_via_interactions" file="D:\Projects\DLMS_Project\tests\Feature\AIAgentCitizenServicesPhase25Test.php" line="97" class="Tests\Feature\AIAgentCitizenServicesPhase25Test" classname="Tests.Feature.AIAgentCitizenServicesPhase25Test" assertions="7" time="0.388374"/>
        <testcase name="test_renew_lost_damaged_e2e_and_english" file="D:\Projects\DLMS_Project\tests\Feature\AIAgentCitizenServicesPhase25Test.php" line="126" class="Tests\Feature\AIAgentCitizenServicesPhase25Test" classname="Tests.Feature.AIAgentCitizenServicesPhase25Test" assertions="25" time="0.570344"/>
        <testcase name="test_multi_license_selection_for_lost_replacement" file="D:\Projects\DLMS_Project\tests\Feature\AIAgentCitizenServicesPhase25Test.php" line="159" class="Tests\Feature\AIAgentCitizenServicesPhase25Test" classname="Tests.Feature.AIAgentCitizenServicesPhase25Test" assertions="8" time="0.356880"/>
        <testcase name="test_payment_status_and_start_payment_paths" file="D:\Projects\DLMS_Project\tests\Feature\AIAgentCitizenServicesPhase25Test.php" line="208" class="Tests\Feature\AIAgentCitizenServicesPhase25Test" classname="Tests.Feature.AIAgentCitizenServicesPhase25Test" assertions="12" time="0.391362"/>
        <testcase name="test_licenses_fines_tests_empty_and_bilingual" file="D:\Projects\DLMS_Project\tests\Feature\AIAgentCitizenServicesPhase25Test.php" line="254" class="Tests\Feature\AIAgentCitizenServicesPhase25Test" classname="Tests.Feature.AIAgentCitizenServicesPhase25Test" assertions="12" time="0.511538"/>
        <testcase name="test_duplicate_renew_redirects_away_from_create" file="D:\Projects\DLMS_Project\tests\Feature\AIAgentCitizenServicesPhase25Test.php" line="291" class="Tests\Feature\AIAgentCitizenServicesPhase25Test" classname="Tests.Feature.AIAgentCitizenServicesPhase25Test" assertions="5" time="0.418295"/>
      </testsuite>
      <testsuite name="Tests\Feature\AIAgentConversationalDocumentFlowTest" file="D:\Projects\DLMS_Project\tests\Feature\AIAgentConversationalDocumentFlowTest.php" tests="17" assertions="124" errors="0" failures="0" skipped="0" time="4.474254">
        <testcase name="test_single_eligible_application_is_resolved_automatically_with_upload_offer" file="D:\Projects\DLMS_Project\tests\Feature\AIAgentConversationalDocumentFlowTest.php" line="106" class="Tests\Feature\AIAgentConversationalDocumentFlowTest" classname="Tests.Feature.AIAgentConversationalDocumentFlowTest" assertions="7" time="0.301273"/>
        <testcase name="test_multiple_eligible_applications_require_selection" file="D:\Projects\DLMS_Project\tests\Feature\AIAgentConversationalDocumentFlowTest.php" line="121" class="Tests\Feature\AIAgentConversationalDocumentFlowTest" classname="Tests.Feature.AIAgentConversationalDocumentFlowTest" assertions="4" time="0.193306"/>
        <testcase name="test_application_selection_token_from_other_citizen_is_rejected" file="D:\Projects\DLMS_Project\tests\Feature\AIAgentConversationalDocumentFlowTest.php" line="134" class="Tests\Feature\AIAgentConversationalDocumentFlowTest" classname="Tests.Feature.AIAgentConversationalDocumentFlowTest" assertions="2" time="0.195905"/>
        <testcase name="test_no_eligible_application_returns_formal_reply" file="D:\Projects\DLMS_Project\tests\Feature\AIAgentConversationalDocumentFlowTest.php" line="149" class="Tests\Feature\AIAgentConversationalDocumentFlowTest" classname="Tests.Feature.AIAgentConversationalDocumentFlowTest" assertions="3" time="0.167988"/>
        <testcase name="test_agent_upload_consent_is_recorded_and_shows_document_buttons" file="D:\Projects\DLMS_Project\tests\Feature\AIAgentConversationalDocumentFlowTest.php" line="159" class="Tests\Feature\AIAgentConversationalDocumentFlowTest" classname="Tests.Feature.AIAgentConversationalDocumentFlowTest" assertions="9" time="0.218722"/>
        <testcase name="test_manual_upload_guidance_does_not_create_upload_token_or_submit" file="D:\Projects\DLMS_Project\tests\Feature\AIAgentConversationalDocumentFlowTest.php" line="180" class="Tests\Feature\AIAgentConversationalDocumentFlowTest" classname="Tests.Feature.AIAgentConversationalDocumentFlowTest" assertions="10" time="0.200044"/>
        <testcase name="test_textual_yes_and_no_work_only_in_upload_offer_state" file="D:\Projects\DLMS_Project\tests\Feature\AIAgentConversationalDocumentFlowTest.php" line="203" class="Tests\Feature\AIAgentConversationalDocumentFlowTest" classname="Tests.Feature.AIAgentConversationalDocumentFlowTest" assertions="6" time="0.324726"/>
        <testcase name="test_textual_no_selects_manual_upload" file="D:\Projects\DLMS_Project\tests\Feature\AIAgentConversationalDocumentFlowTest.php" line="228" class="Tests\Feature\AIAgentConversationalDocumentFlowTest" classname="Tests.Feature.AIAgentConversationalDocumentFlowTest" assertions="3" time="0.195020"/>
        <testcase name="test_select_document_issues_one_time_upload_token_without_ids_for_flutter" file="D:\Projects\DLMS_Project\tests\Feature\AIAgentConversationalDocumentFlowTest.php" line="245" class="Tests\Feature\AIAgentConversationalDocumentFlowTest" classname="Tests.Feature.AIAgentConversationalDocumentFlowTest" assertions="12" time="0.230291"/>
        <testcase name="test_exactly_one_file_enforced_and_token_not_consumed_on_multi_file" file="D:\Projects\DLMS_Project\tests\Feature\AIAgentConversationalDocumentFlowTest.php" line="272" class="Tests\Feature\AIAgentConversationalDocumentFlowTest" classname="Tests.Feature.AIAgentConversationalDocumentFlowTest" assertions="14" time="0.344284"/>
        <testcase name="test_zero_files_rejected_with_stable_code" file="D:\Projects\DLMS_Project\tests\Feature\AIAgentConversationalDocumentFlowTest.php" line="326" class="Tests\Feature\AIAgentConversationalDocumentFlowTest" classname="Tests.Feature.AIAgentConversationalDocumentFlowTest" assertions="5" time="0.281819"/>
        <testcase name="test_full_conversational_flow_auto_submits_to_shared_review_queue" file="D:\Projects\DLMS_Project\tests\Feature\AIAgentConversationalDocumentFlowTest.php" line="344" class="Tests\Feature\AIAgentConversationalDocumentFlowTest" classname="Tests.Feature.AIAgentConversationalDocumentFlowTest" assertions="23" time="0.543518"/>
        <testcase name="test_manual_mode_does_not_auto_submit_after_legacy_uploads" file="D:\Projects\DLMS_Project\tests\Feature\AIAgentConversationalDocumentFlowTest.php" line="404" class="Tests\Feature\AIAgentConversationalDocumentFlowTest" classname="Tests.Feature.AIAgentConversationalDocumentFlowTest" assertions="9" time="0.263465"/>
        <testcase name="test_tampered_selection_token_is_rejected" file="D:\Projects\DLMS_Project\tests\Feature\AIAgentConversationalDocumentFlowTest.php" line="432" class="Tests\Feature\AIAgentConversationalDocumentFlowTest" classname="Tests.Feature.AIAgentConversationalDocumentFlowTest" assertions="4" time="0.234035"/>
        <testcase name="test_legacy_agent_upload_with_ids_still_works" file="D:\Projects\DLMS_Project\tests\Feature\AIAgentConversationalDocumentFlowTest.php" line="447" class="Tests\Feature\AIAgentConversationalDocumentFlowTest" classname="Tests.Feature.AIAgentConversationalDocumentFlowTest" assertions="3" time="0.218952"/>
        <testcase name="test_upload_token_rejects_id_mismatch_in_hybrid_request" file="D:\Projects\DLMS_Project\tests\Feature\AIAgentConversationalDocumentFlowTest.php" line="481" class="Tests\Feature\AIAgentConversationalDocumentFlowTest" classname="Tests.Feature.AIAgentConversationalDocumentFlowTest" assertions="5" time="0.286008"/>
        <testcase name="test_approved_document_is_not_offered_for_upload" file="D:\Projects\DLMS_Project\tests\Feature\AIAgentConversationalDocumentFlowTest.php" line="514" class="Tests\Feature\AIAgentConversationalDocumentFlowTest" classname="Tests.Feature.AIAgentConversationalDocumentFlowTest" assertions="5" time="0.274899"/>
      </testsuite>
      <testsuite name="Tests\Feature\AIAgentDocumentUploadTest" file="D:\Projects\DLMS_Project\tests\Feature\AIAgentDocumentUploadTest.php" tests="17" assertions="116" errors="0" failures="0" skipped="0" time="4.458014">
        <testcase name="test_upload_agent_document_creates_document_record_and_returns_checklist" file="D:\Projects\DLMS_Project\tests\Feature\AIAgentDocumentUploadTest.php" line="139" class="Tests\Feature\AIAgentDocumentUploadTest" classname="Tests.Feature.AIAgentDocumentUploadTest" assertions="20" time="0.215618"/>
        <testcase name="test_upload_agent_document_rejects_when_session_missing" file="D:\Projects\DLMS_Project\tests\Feature\AIAgentDocumentUploadTest.php" line="187" class="Tests\Feature\AIAgentDocumentUploadTest" classname="Tests.Feature.AIAgentDocumentUploadTest" assertions="2" time="0.198290"/>
        <testcase name="test_upload_agent_document_rejects_foreign_session" file="D:\Projects\DLMS_Project\tests\Feature\AIAgentDocumentUploadTest.php" line="204" class="Tests\Feature\AIAgentDocumentUploadTest" classname="Tests.Feature.AIAgentDocumentUploadTest" assertions="2" time="0.205894"/>
        <testcase name="test_upload_agent_document_rejects_foreign_application_id" file="D:\Projects\DLMS_Project\tests\Feature\AIAgentDocumentUploadTest.php" line="226" class="Tests\Feature\AIAgentDocumentUploadTest" classname="Tests.Feature.AIAgentDocumentUploadTest" assertions="2" time="0.193350"/>
        <testcase name="test_upload_agent_document_does_not_auto_transition_to_documents_under_review" file="D:\Projects\DLMS_Project\tests\Feature\AIAgentDocumentUploadTest.php" line="249" class="Tests\Feature\AIAgentDocumentUploadTest" classname="Tests.Feature.AIAgentDocumentUploadTest" assertions="5" time="0.215540"/>
        <testcase name="test_upload_all_required_docs_via_agent_then_submit_requires_confirmation_and_transitions" file="D:\Projects\DLMS_Project\tests\Feature\AIAgentDocumentUploadTest.php" line="288" class="Tests\Feature\AIAgentDocumentUploadTest" classname="Tests.Feature.AIAgentDocumentUploadTest" assertions="14" time="0.431225"/>
        <testcase name="test_upload_rejected_document_replacement_keeps_documents_rejected" file="D:\Projects\DLMS_Project\tests\Feature\AIAgentDocumentUploadTest.php" line="353" class="Tests\Feature\AIAgentDocumentUploadTest" classname="Tests.Feature.AIAgentDocumentUploadTest" assertions="13" time="0.304386"/>
        <testcase name="test_text_file_disguised_as_pdf_is_rejected" file="D:\Projects\DLMS_Project\tests\Feature\AIAgentDocumentUploadTest.php" line="403" class="Tests\Feature\AIAgentDocumentUploadTest" classname="Tests.Feature.AIAgentDocumentUploadTest" assertions="3" time="0.242180"/>
        <testcase name="test_text_file_disguised_as_jpeg_is_rejected" file="D:\Projects\DLMS_Project\tests\Feature\AIAgentDocumentUploadTest.php" line="422" class="Tests\Feature\AIAgentDocumentUploadTest" classname="Tests.Feature.AIAgentDocumentUploadTest" assertions="2" time="0.232942"/>
        <testcase name="test_real_pdf_jpeg_and_png_are_accepted" file="D:\Projects\DLMS_Project\tests\Feature\AIAgentDocumentUploadTest.php" line="439" class="Tests\Feature\AIAgentDocumentUploadTest" classname="Tests.Feature.AIAgentDocumentUploadTest" assertions="7" time="0.298461"/>
        <testcase name="test_double_extension_with_php_content_is_rejected" file="D:\Projects\DLMS_Project\tests\Feature\AIAgentDocumentUploadTest.php" line="461" class="Tests\Feature\AIAgentDocumentUploadTest" classname="Tests.Feature.AIAgentDocumentUploadTest" assertions="2" time="0.215587"/>
        <testcase name="test_upload_blocked_for_documents_under_review_payment_pending_and_license_issued" file="D:\Projects\DLMS_Project\tests\Feature\AIAgentDocumentUploadTest.php" line="478" class="Tests\Feature\AIAgentDocumentUploadTest" classname="Tests.Feature.AIAgentDocumentUploadTest" assertions="9" time="0.339684"/>
        <testcase name="test_approved_document_cannot_be_replaced_via_agent_or_rest" file="D:\Projects\DLMS_Project\tests\Feature\AIAgentDocumentUploadTest.php" line="507" class="Tests\Feature\AIAgentDocumentUploadTest" classname="Tests.Feature.AIAgentDocumentUploadTest" assertions="16" time="0.305439"/>
        <testcase name="test_empty_and_oversized_files_are_rejected" file="D:\Projects\DLMS_Project\tests\Feature\AIAgentDocumentUploadTest.php" line="575" class="Tests\Feature\AIAgentDocumentUploadTest" classname="Tests.Feature.AIAgentDocumentUploadTest" assertions="3" time="0.256250"/>
        <testcase name="test_missing_and_inapplicable_required_document_ids_are_rejected" file="D:\Projects\DLMS_Project\tests\Feature\AIAgentDocumentUploadTest.php" line="599" class="Tests\Feature\AIAgentDocumentUploadTest" classname="Tests.Feature.AIAgentDocumentUploadTest" assertions="2" time="0.205834"/>
        <testcase name="test_employee_without_permission_and_citizen_cannot_access_dashboard_review" file="D:\Projects\DLMS_Project\tests\Feature\AIAgentDocumentUploadTest.php" line="646" class="Tests\Feature\AIAgentDocumentUploadTest" classname="Tests.Feature.AIAgentDocumentUploadTest" assertions="11" time="0.423185"/>
        <testcase name="test_rest_valid_upload_still_works_with_mime_validation" file="D:\Projects\DLMS_Project\tests\Feature\AIAgentDocumentUploadTest.php" line="690" class="Tests\Feature\AIAgentDocumentUploadTest" classname="Tests.Feature.AIAgentDocumentUploadTest" assertions="3" time="0.174151"/>
      </testsuite>
      <testsuite name="Tests\Feature\AIAgentFlowTest" file="D:\Projects\DLMS_Project\tests\Feature\AIAgentFlowTest.php" tests="60" assertions="353" errors="0" failures="0" skipped="0" time="12.519034">
        <testcase name="test_arabic_request_does_not_return_500_and_uses_arabic_locale" file="D:\Projects\DLMS_Project\tests\Feature\AIAgentFlowTest.php" line="74" class="Tests\Feature\AIAgentFlowTest" classname="Tests.Feature.AIAgentFlowTest" assertions="2" time="0.192703"/>
        <testcase name="test_english_request_preserves_english_locale_when_supported" file="D:\Projects\DLMS_Project\tests\Feature\AIAgentFlowTest.php" line="97" class="Tests\Feature\AIAgentFlowTest" classname="Tests.Feature.AIAgentFlowTest" assertions="2" time="0.191239"/>
        <testcase name="test_gemini_failure_reaches_deterministic_fallback_with_resolved_locale" file="D:\Projects\DLMS_Project\tests\Feature\AIAgentFlowTest.php" line="120" class="Tests\Feature\AIAgentFlowTest" classname="Tests.Feature.AIAgentFlowTest" assertions="4" time="0.219709"/>
        <testcase name="test_citizen_can_send_message_and_create_session" file="D:\Projects\DLMS_Project\tests\Feature\AIAgentFlowTest.php" line="135" class="Tests\Feature\AIAgentFlowTest" classname="Tests.Feature.AIAgentFlowTest" assertions="11" time="0.197076"/>
        <testcase name="test_citizen_can_continue_existing_session" file="D:\Projects\DLMS_Project\tests\Feature\AIAgentFlowTest.php" line="177" class="Tests\Feature\AIAgentFlowTest" classname="Tests.Feature.AIAgentFlowTest" assertions="14" time="0.228603"/>
        <testcase name="test_citizen_cannot_access_another_citizen_session" file="D:\Projects\DLMS_Project\tests\Feature\AIAgentFlowTest.php" line="239" class="Tests\Feature\AIAgentFlowTest" classname="Tests.Feature.AIAgentFlowTest" assertions="2" time="0.190864"/>
        <testcase name="test_guest_cannot_use_ai_agent" file="D:\Projects\DLMS_Project\tests\Feature\AIAgentFlowTest.php" line="261" class="Tests\Feature\AIAgentFlowTest" classname="Tests.Feature.AIAgentFlowTest" assertions="1" time="0.181200"/>
        <testcase name="test_employee_cannot_use_citizen_ai_endpoint" file="D:\Projects\DLMS_Project\tests\Feature\AIAgentFlowTest.php" line="268" class="Tests\Feature\AIAgentFlowTest" classname="Tests.Feature.AIAgentFlowTest" assertions="1" time="0.236052"/>
        <testcase name="test_validation_works" file="D:\Projects\DLMS_Project\tests\Feature\AIAgentFlowTest.php" line="279" class="Tests\Feature\AIAgentFlowTest" classname="Tests.Feature.AIAgentFlowTest" assertions="3" time="0.156688"/>
        <testcase name="test_create_new_license_application_asks_for_missing_license_type" file="D:\Projects\DLMS_Project\tests\Feature\AIAgentFlowTest.php" line="288" class="Tests\Feature\AIAgentFlowTest" classname="Tests.Feature.AIAgentFlowTest" assertions="3" time="0.186595"/>
        <testcase name="test_complete_slots_creates_pending_action_but_does_not_execute" file="D:\Projects\DLMS_Project\tests\Feature\AIAgentFlowTest.php" line="312" class="Tests\Feature\AIAgentFlowTest" classname="Tests.Feature.AIAgentFlowTest" assertions="5" time="0.199590"/>
        <testcase name="test_admin_only_action_is_rejected" file="D:\Projects\DLMS_Project\tests\Feature\AIAgentFlowTest.php" line="371" class="Tests\Feature\AIAgentFlowTest" classname="Tests.Feature.AIAgentFlowTest" assertions="4" time="0.206041"/>
        <testcase name="test_out_of_scope_message_returns_safe_response" file="D:\Projects\DLMS_Project\tests\Feature\AIAgentFlowTest.php" line="400" class="Tests\Feature\AIAgentFlowTest" classname="Tests.Feature.AIAgentFlowTest" assertions="2" time="0.180182"/>
        <testcase name="test_gemini_failure_returns_fallback_response" file="D:\Projects\DLMS_Project\tests\Feature\AIAgentFlowTest.php" line="423" class="Tests\Feature\AIAgentFlowTest" classname="Tests.Feature.AIAgentFlowTest" assertions="4" time="0.214303"/>
        <testcase name="test_gemini_exception_returns_fallback_response" file="D:\Projects\DLMS_Project\tests\Feature\AIAgentFlowTest.php" line="441" class="Tests\Feature\AIAgentFlowTest" classname="Tests.Feature.AIAgentFlowTest" assertions="2" time="0.197044"/>
        <testcase name="test_evaluation_row_is_created" file="D:\Projects\DLMS_Project\tests\Feature\AIAgentFlowTest.php" line="456" class="Tests\Feature\AIAgentFlowTest" classname="Tests.Feature.AIAgentFlowTest" assertions="2" time="0.193182"/>
        <testsuite name="Tests\Feature\AIAgentFlowTest::test_slot_answer_creates_pending_action_for_license_type_variations" tests="5" assertions="35" errors="0" failures="0" skipped="0" time="1.132618">
          <testcase name="test_slot_answer_creates_pending_action_for_license_type_variations with data set &quot;private phrase&quot;" file="D:\Projects\DLMS_Project\tests\Feature\AIAgentFlowTest.php" line="482" class="Tests\Feature\AIAgentFlowTest" classname="Tests.Feature.AIAgentFlowTest" assertions="7" time="0.230221"/>
          <testcase name="test_slot_answer_creates_pending_action_for_license_type_variations with data set &quot;private word&quot;" file="D:\Projects\DLMS_Project\tests\Feature\AIAgentFlowTest.php" line="482" class="Tests\Feature\AIAgentFlowTest" classname="Tests.Feature.AIAgentFlowTest" assertions="7" time="0.242893"/>
          <testcase name="test_slot_answer_creates_pending_action_for_license_type_variations with data set &quot;public word&quot;" file="D:\Projects\DLMS_Project\tests\Feature\AIAgentFlowTest.php" line="482" class="Tests\Feature\AIAgentFlowTest" classname="Tests.Feature.AIAgentFlowTest" assertions="7" time="0.211964"/>
          <testcase name="test_slot_answer_creates_pending_action_for_license_type_variations with data set &quot;truck word&quot;" file="D:\Projects\DLMS_Project\tests\Feature\AIAgentFlowTest.php" line="482" class="Tests\Feature\AIAgentFlowTest" classname="Tests.Feature.AIAgentFlowTest" assertions="7" time="0.227518"/>
          <testcase name="test_slot_answer_creates_pending_action_for_license_type_variations with data set &quot;bus word&quot;" file="D:\Projects\DLMS_Project\tests\Feature\AIAgentFlowTest.php" line="482" class="Tests\Feature\AIAgentFlowTest" classname="Tests.Feature.AIAgentFlowTest" assertions="7" time="0.220022"/>
        </testsuite>
        <testcase name="test_ai_agent_blocks_duplicate_create_application_when_draft_exists" file="D:\Projects\DLMS_Project\tests\Feature\AIAgentFlowTest.php" line="548" class="Tests\Feature\AIAgentFlowTest" classname="Tests.Feature.AIAgentFlowTest" assertions="9" time="0.210911"/>
        <testcase name="test_ai_agent_allows_different_license_type_when_private_draft_exists" file="D:\Projects\DLMS_Project\tests\Feature\AIAgentFlowTest.php" line="615" class="Tests\Feature\AIAgentFlowTest" classname="Tests.Feature.AIAgentFlowTest" assertions="3" time="0.250743"/>
        <testcase name="test_affirmative_message_confirms_awaiting_action_via_chat" file="D:\Projects\DLMS_Project\tests\Feature\AIAgentFlowTest.php" line="653" class="Tests\Feature\AIAgentFlowTest" classname="Tests.Feature.AIAgentFlowTest" assertions="12" time="0.268711"/>
        <testcase name="test_citizen_can_list_and_show_sessions" file="D:\Projects\DLMS_Project\tests\Feature\AIAgentFlowTest.php" line="719" class="Tests\Feature\AIAgentFlowTest" classname="Tests.Feature.AIAgentFlowTest" assertions="5" time="0.183970"/>
        <testcase name="test_intent_switches_from_create_flow_to_application_status" file="D:\Projects\DLMS_Project\tests\Feature\AIAgentFlowTest.php" line="747" class="Tests\Feature\AIAgentFlowTest" classname="Tests.Feature.AIAgentFlowTest" assertions="6" time="0.227226"/>
        <testcase name="test_possessive_phrase_is_not_extracted_as_private_license_type" file="D:\Projects\DLMS_Project\tests\Feature\AIAgentFlowTest.php" line="799" class="Tests\Feature\AIAgentFlowTest" classname="Tests.Feature.AIAgentFlowTest" assertions="3" time="0.217898"/>
        <testcase name="test_raw_translation_key_in_gemini_reply_is_localized_for_duplicate" file="D:\Projects\DLMS_Project\tests\Feature\AIAgentFlowTest.php" line="813" class="Tests\Feature\AIAgentFlowTest" classname="Tests.Feature.AIAgentFlowTest" assertions="3" time="0.192652"/>
        <testcase name="test_status_query_with_one_active_application_returns_status" file="D:\Projects\DLMS_Project\tests\Feature\AIAgentFlowTest.php" line="868" class="Tests\Feature\AIAgentFlowTest" classname="Tests.Feature.AIAgentFlowTest" assertions="6" time="0.196567"/>
        <testcase name="test_status_query_with_no_applications_returns_arabic_message" file="D:\Projects\DLMS_Project\tests\Feature\AIAgentFlowTest.php" line="896" class="Tests\Feature\AIAgentFlowTest" classname="Tests.Feature.AIAgentFlowTest" assertions="4" time="0.179071"/>
        <testcase name="test_status_query_with_multiple_applications_asks_to_choose" file="D:\Projects\DLMS_Project\tests\Feature\AIAgentFlowTest.php" line="911" class="Tests\Feature\AIAgentFlowTest" classname="Tests.Feature.AIAgentFlowTest" assertions="5" time="0.207700"/>
        <testcase name="test_next_step_after_status_in_same_session" file="D:\Projects\DLMS_Project\tests\Feature\AIAgentFlowTest.php" line="940" class="Tests\Feature\AIAgentFlowTest" classname="Tests.Feature.AIAgentFlowTest" assertions="16" time="0.244161"/>
        <testcase name="test_draft_next_step_is_translated_when_app_locale_is_english" file="D:\Projects\DLMS_Project\tests\Feature\AIAgentFlowTest.php" line="986" class="Tests\Feature\AIAgentFlowTest" classname="Tests.Feature.AIAgentFlowTest" assertions="7" time="0.194532"/>
        <testcase name="test_next_step_for_payment_pending_application" file="D:\Projects\DLMS_Project\tests\Feature\AIAgentFlowTest.php" line="1019" class="Tests\Feature\AIAgentFlowTest" classname="Tests.Feature.AIAgentFlowTest" assertions="4" time="0.213038"/>
        <testcase name="test_next_step_with_no_applications" file="D:\Projects\DLMS_Project\tests\Feature\AIAgentFlowTest.php" line="1045" class="Tests\Feature\AIAgentFlowTest" classname="Tests.Feature.AIAgentFlowTest" assertions="5" time="0.185245"/>
        <testcase name="test_next_step_with_multiple_applications_without_context" file="D:\Projects\DLMS_Project\tests\Feature\AIAgentFlowTest.php" line="1061" class="Tests\Feature\AIAgentFlowTest" classname="Tests.Feature.AIAgentFlowTest" assertions="4" time="0.203305"/>
        <testsuite name="Tests\Feature\AIAgentFlowTest::test_all_application_statuses_have_arabic_next_step_message" tests="13" assertions="104" errors="0" failures="0" skipped="0" time="2.797207">
          <testcase name="test_all_application_statuses_have_arabic_next_step_message with data set &quot;draft&quot;" file="D:\Projects\DLMS_Project\tests\Feature\AIAgentFlowTest.php" line="1092" class="Tests\Feature\AIAgentFlowTest" classname="Tests.Feature.AIAgentFlowTest" assertions="8" time="0.222482"/>
          <testcase name="test_all_application_statuses_have_arabic_next_step_message with data set &quot;documents_under_review&quot;" file="D:\Projects\DLMS_Project\tests\Feature\AIAgentFlowTest.php" line="1092" class="Tests\Feature\AIAgentFlowTest" classname="Tests.Feature.AIAgentFlowTest" assertions="8" time="0.224736"/>
          <testcase name="test_all_application_statuses_have_arabic_next_step_message with data set &quot;documents_rejected&quot;" file="D:\Projects\DLMS_Project\tests\Feature\AIAgentFlowTest.php" line="1092" class="Tests\Feature\AIAgentFlowTest" classname="Tests.Feature.AIAgentFlowTest" assertions="8" time="0.221122"/>
          <testcase name="test_all_application_statuses_have_arabic_next_step_message with data set &quot;payment_pending&quot;" file="D:\Projects\DLMS_Project\tests\Feature\AIAgentFlowTest.php" line="1092" class="Tests\Feature\AIAgentFlowTest" classname="Tests.Feature.AIAgentFlowTest" assertions="8" time="0.208933"/>
          <testcase name="test_all_application_statuses_have_arabic_next_step_message with data set &quot;payment_completed&quot;" file="D:\Projects\DLMS_Project\tests\Feature\AIAgentFlowTest.php" line="1092" class="Tests\Feature\AIAgentFlowTest" classname="Tests.Feature.AIAgentFlowTest" assertions="8" time="0.245018"/>
          <testcase name="test_all_application_statuses_have_arabic_next_step_message with data set &quot;appointment_pending&quot;" file="D:\Projects\DLMS_Project\tests\Feature\AIAgentFlowTest.php" line="1092" class="Tests\Feature\AIAgentFlowTest" classname="Tests.Feature.AIAgentFlowTest" assertions="8" time="0.208658"/>
          <testcase name="test_all_application_statuses_have_arabic_next_step_message with data set &quot;in_testing&quot;" file="D:\Projects\DLMS_Project\tests\Feature\AIAgentFlowTest.php" line="1092" class="Tests\Feature\AIAgentFlowTest" classname="Tests.Feature.AIAgentFlowTest" assertions="8" time="0.194495"/>
          <testcase name="test_all_application_statuses_have_arabic_next_step_message with data set &quot;waiting_retest&quot;" file="D:\Projects\DLMS_Project\tests\Feature\AIAgentFlowTest.php" line="1092" class="Tests\Feature\AIAgentFlowTest" classname="Tests.Feature.AIAgentFlowTest" assertions="8" time="0.216025"/>
          <testcase name="test_all_application_statuses_have_arabic_next_step_message with data set &quot;approved&quot;" file="D:\Projects\DLMS_Project\tests\Feature\AIAgentFlowTest.php" line="1092" class="Tests\Feature\AIAgentFlowTest" classname="Tests.Feature.AIAgentFlowTest" assertions="8" time="0.214498"/>
          <testcase name="test_all_application_statuses_have_arabic_next_step_message with data set &quot;administrative_review&quot;" file="D:\Projects\DLMS_Project\tests\Feature\AIAgentFlowTest.php" line="1092" class="Tests\Feature\AIAgentFlowTest" classname="Tests.Feature.AIAgentFlowTest" assertions="8" time="0.192493"/>
          <testcase name="test_all_application_statuses_have_arabic_next_step_message with data set &quot;license_issued&quot;" file="D:\Projects\DLMS_Project\tests\Feature\AIAgentFlowTest.php" line="1092" class="Tests\Feature\AIAgentFlowTest" classname="Tests.Feature.AIAgentFlowTest" assertions="8" time="0.248015"/>
          <testcase name="test_all_application_statuses_have_arabic_next_step_message with data set &quot;rejected&quot;" file="D:\Projects\DLMS_Project\tests\Feature\AIAgentFlowTest.php" line="1092" class="Tests\Feature\AIAgentFlowTest" classname="Tests.Feature.AIAgentFlowTest" assertions="8" time="0.202809"/>
          <testcase name="test_all_application_statuses_have_arabic_next_step_message with data set &quot;cancelled&quot;" file="D:\Projects\DLMS_Project\tests\Feature\AIAgentFlowTest.php" line="1092" class="Tests\Feature\AIAgentFlowTest" classname="Tests.Feature.AIAgentFlowTest" assertions="8" time="0.197923"/>
        </testsuite>
        <testcase name="test_unknown_status_next_step_fallback_does_not_leak_key" file="D:\Projects\DLMS_Project\tests\Feature\AIAgentFlowTest.php" line="1125" class="Tests\Feature\AIAgentFlowTest" classname="Tests.Feature.AIAgentFlowTest" assertions="3" time="0.162964"/>
        <testcase name="test_status_query_reply_includes_next_step_without_raw_keys" file="D:\Projects\DLMS_Project\tests\Feature\AIAgentFlowTest.php" line="1135" class="Tests\Feature\AIAgentFlowTest" classname="Tests.Feature.AIAgentFlowTest" assertions="6" time="0.210723"/>
        <testcase name="test_required_documents_intent_detection_with_single_draft_application" file="D:\Projects\DLMS_Project\tests\Feature\AIAgentFlowTest.php" line="1188" class="Tests\Feature\AIAgentFlowTest" classname="Tests.Feature.AIAgentFlowTest" assertions="10" time="0.223203"/>
        <testcase name="test_required_documents_after_status_in_same_session" file="D:\Projects\DLMS_Project\tests\Feature\AIAgentFlowTest.php" line="1221" class="Tests\Feature\AIAgentFlowTest" classname="Tests.Feature.AIAgentFlowTest" assertions="5" time="0.221141"/>
        <testcase name="test_required_documents_after_next_step_in_same_session" file="D:\Projects\DLMS_Project\tests\Feature\AIAgentFlowTest.php" line="1254" class="Tests\Feature\AIAgentFlowTest" classname="Tests.Feature.AIAgentFlowTest" assertions="6" time="0.210025"/>
        <testcase name="test_required_documents_with_no_applications" file="D:\Projects\DLMS_Project\tests\Feature\AIAgentFlowTest.php" line="1288" class="Tests\Feature\AIAgentFlowTest" classname="Tests.Feature.AIAgentFlowTest" assertions="6" time="0.173233"/>
        <testcase name="test_required_documents_with_multiple_applications_without_context" file="D:\Projects\DLMS_Project\tests\Feature\AIAgentFlowTest.php" line="1305" class="Tests\Feature\AIAgentFlowTest" classname="Tests.Feature.AIAgentFlowTest" assertions="6" time="0.179035"/>
        <testcase name="test_upload_phrase_does_not_trigger_create_application" file="D:\Projects\DLMS_Project\tests\Feature\AIAgentFlowTest.php" line="1335" class="Tests\Feature\AIAgentFlowTest" classname="Tests.Feature.AIAgentFlowTest" assertions="4" time="0.261256"/>
        <testcase name="test_read_only_get_required_documents_stores_executed_action" file="D:\Projects\DLMS_Project\tests\Feature\AIAgentFlowTest.php" line="1361" class="Tests\Feature\AIAgentFlowTest" classname="Tests.Feature.AIAgentFlowTest" assertions="2" time="0.196677"/>
        <testcase name="test_required_documents_after_upload_via_ai_agent" file="D:\Projects\DLMS_Project\tests\Feature\AIAgentFlowTest.php" line="1389" class="Tests\Feature\AIAgentFlowTest" classname="Tests.Feature.AIAgentFlowTest" assertions="8" time="0.188856"/>
        <testcase name="test_read_only_get_application_status_executes_without_confirmation" file="D:\Projects\DLMS_Project\tests\Feature\AIAgentFlowTest.php" line="1436" class="Tests\Feature\AIAgentFlowTest" classname="Tests.Feature.AIAgentFlowTest" assertions="4" time="0.215297"/>
      </testsuite>
      <testsuite name="Tests\Feature\AIAgentPendingWorkflowReliabilityTest" file="D:\Projects\DLMS_Project\tests\Feature\AIAgentPendingWorkflowReliabilityTest.php" tests="11" assertions="62" errors="0" failures="0" skipped="0" time="3.634166">
        <testcase name="test_expired_workflow_chat_returns_expired_not_general_help" file="D:\Projects\DLMS_Project\tests\Feature\AIAgentPendingWorkflowReliabilityTest.php" line="128" class="Tests\Feature\AIAgentPendingWorkflowReliabilityTest" classname="Tests.Feature.AIAgentPendingWorkflowReliabilityTest" assertions="7" time="0.381399"/>
        <testcase name="test_expired_interaction_token_returns_pending_workflow_expired" file="D:\Projects\DLMS_Project\tests\Feature\AIAgentPendingWorkflowReliabilityTest.php" line="151" class="Tests\Feature\AIAgentPendingWorkflowReliabilityTest" classname="Tests.Feature.AIAgentPendingWorkflowReliabilityTest" assertions="4" time="0.316291"/>
        <testcase name="test_show_choices_after_expiry_returns_expired_response" file="D:\Projects\DLMS_Project\tests\Feature\AIAgentPendingWorkflowReliabilityTest.php" line="168" class="Tests\Feature\AIAgentPendingWorkflowReliabilityTest" classname="Tests.Feature.AIAgentPendingWorkflowReliabilityTest" assertions="4" time="0.329052"/>
        <testcase name="test_retryable_resume_failure_keeps_pending_workflow" file="D:\Projects\DLMS_Project\tests\Feature\AIAgentPendingWorkflowReliabilityTest.php" line="184" class="Tests\Feature\AIAgentPendingWorkflowReliabilityTest" classname="Tests.Feature.AIAgentPendingWorkflowReliabilityTest" assertions="8" time="0.337785"/>
        <testcase name="test_book_appointment_selection_does_not_create_incomplete_pending_action" file="D:\Projects\DLMS_Project\tests\Feature\AIAgentPendingWorkflowReliabilityTest.php" line="242" class="Tests\Feature\AIAgentPendingWorkflowReliabilityTest" classname="Tests.Feature.AIAgentPendingWorkflowReliabilityTest" assertions="10" time="0.346307"/>
        <testcase name="test_exact_ma_badi_cancels_pending_workflow" file="D:\Projects\DLMS_Project\tests\Feature\AIAgentPendingWorkflowReliabilityTest.php" line="292" class="Tests\Feature\AIAgentPendingWorkflowReliabilityTest" classname="Tests.Feature.AIAgentPendingWorkflowReliabilityTest" assertions="5" time="0.292236"/>
        <testcase name="test_ma_badi_araaf_al_mokhalafat_switches_to_fines_not_cancel" file="D:\Projects\DLMS_Project\tests\Feature\AIAgentPendingWorkflowReliabilityTest.php" line="312" class="Tests\Feature\AIAgentPendingWorkflowReliabilityTest" classname="Tests.Feature.AIAgentPendingWorkflowReliabilityTest" assertions="7" time="0.386564"/>
        <testcase name="test_la_badi_show_fines_switches_topic" file="D:\Projects\DLMS_Project\tests\Feature\AIAgentPendingWorkflowReliabilityTest.php" line="338" class="Tests\Feature\AIAgentPendingWorkflowReliabilityTest" classname="Tests.Feature.AIAgentPendingWorkflowReliabilityTest" assertions="5" time="0.308719"/>
        <testcase name="test_arabic_digits_select_application_by_number_in_label" file="D:\Projects\DLMS_Project\tests\Feature\AIAgentPendingWorkflowReliabilityTest.php" line="355" class="Tests\Feature\AIAgentPendingWorkflowReliabilityTest" classname="Tests.Feature.AIAgentPendingWorkflowReliabilityTest" assertions="4" time="0.305144"/>
        <testcase name="test_arabic_digits_only_when_not_in_candidates_re_shows_selection" file="D:\Projects\DLMS_Project\tests\Feature\AIAgentPendingWorkflowReliabilityTest.php" line="376" class="Tests\Feature\AIAgentPendingWorkflowReliabilityTest" classname="Tests.Feature.AIAgentPendingWorkflowReliabilityTest" assertions="4" time="0.295851"/>
        <testcase name="test_persian_digits_select_when_application_number_matches" file="D:\Projects\DLMS_Project\tests\Feature\AIAgentPendingWorkflowReliabilityTest.php" line="397" class="Tests\Feature\AIAgentPendingWorkflowReliabilityTest" classname="Tests.Feature.AIAgentPendingWorkflowReliabilityTest" assertions="4" time="0.334817"/>
      </testsuite>
      <testsuite name="Tests\Feature\AIAgentPhase1CriticalActionsTest" file="D:\Projects\DLMS_Project\tests\Feature\AIAgentPhase1CriticalActionsTest.php" tests="11" assertions="108" errors="0" failures="0" skipped="0" time="3.938858">
        <testcase name="test_submit_documents_for_review_is_proposed_when_documents_are_complete" file="D:\Projects\DLMS_Project\tests\Feature\AIAgentPhase1CriticalActionsTest.php" line="142" class="Tests\Feature\AIAgentPhase1CriticalActionsTest" classname="Tests.Feature.AIAgentPhase1CriticalActionsTest" assertions="9" time="0.348985"/>
        <testcase name="test_submit_documents_for_review_is_not_proposed_when_required_documents_are_missing" file="D:\Projects\DLMS_Project\tests\Feature\AIAgentPhase1CriticalActionsTest.php" line="162" class="Tests\Feature\AIAgentPhase1CriticalActionsTest" classname="Tests.Feature.AIAgentPhase1CriticalActionsTest" assertions="7" time="0.305574"/>
        <testcase name="test_confirm_submit_documents_for_review_transitions_application_status_and_creates_review_queue_entry" file="D:\Projects\DLMS_Project\tests\Feature\AIAgentPhase1CriticalActionsTest.php" line="183" class="Tests\Feature\AIAgentPhase1CriticalActionsTest" classname="Tests.Feature.AIAgentPhase1CriticalActionsTest" assertions="12" time="0.372366"/>
        <testcase name="test_cancel_submit_documents_for_review_does_not_change_application_or_create_audit_notification_or_queue" file="D:\Projects\DLMS_Project\tests\Feature\AIAgentPhase1CriticalActionsTest.php" line="213" class="Tests\Feature\AIAgentPhase1CriticalActionsTest" classname="Tests.Feature.AIAgentPhase1CriticalActionsTest" assertions="16" time="0.371379"/>
        <testcase name="test_confirm_submit_documents_for_review_creates_audit_and_notification_once" file="D:\Projects\DLMS_Project\tests\Feature\AIAgentPhase1CriticalActionsTest.php" line="274" class="Tests\Feature\AIAgentPhase1CriticalActionsTest" classname="Tests.Feature.AIAgentPhase1CriticalActionsTest" assertions="12" time="0.372208"/>
        <testcase name="test_confirm_submit_documents_for_review_fails_when_application_state_changes_before_confirmation" file="D:\Projects\DLMS_Project\tests\Feature\AIAgentPhase1CriticalActionsTest.php" line="332" class="Tests\Feature\AIAgentPhase1CriticalActionsTest" classname="Tests.Feature.AIAgentPhase1CriticalActionsTest" assertions="9" time="0.480147"/>
        <testcase name="test_submit_documents_for_review_fails_when_required_documents_become_rejected_before_confirmation" file="D:\Projects\DLMS_Project\tests\Feature\AIAgentPhase1CriticalActionsTest.php" line="360" class="Tests\Feature\AIAgentPhase1CriticalActionsTest" classname="Tests.Feature.AIAgentPhase1CriticalActionsTest" assertions="8" time="0.377309"/>
        <testcase name="test_get_test_results_executes_immediately_and_returns_ordered_results" file="D:\Projects\DLMS_Project\tests\Feature\AIAgentPhase1CriticalActionsTest.php" line="391" class="Tests\Feature\AIAgentPhase1CriticalActionsTest" classname="Tests.Feature.AIAgentPhase1CriticalActionsTest" assertions="9" time="0.369511"/>
        <testcase name="test_get_test_results_returns_empty_results_when_no_results_exist" file="D:\Projects\DLMS_Project\tests\Feature\AIAgentPhase1CriticalActionsTest.php" line="469" class="Tests\Feature\AIAgentPhase1CriticalActionsTest" classname="Tests.Feature.AIAgentPhase1CriticalActionsTest" assertions="4" time="0.318668"/>
        <testcase name="test_allowed_proposed_actions_have_real_executors" file="D:\Projects\DLMS_Project\tests\Feature\AIAgentPhase1CriticalActionsTest.php" line="496" class="Tests\Feature\AIAgentPhase1CriticalActionsTest" classname="Tests.Feature.AIAgentPhase1CriticalActionsTest" assertions="18" time="0.258530"/>
        <testcase name="test_reschedule_and_cancel_are_allowed_proposed_actions" file="D:\Projects\DLMS_Project\tests\Feature\AIAgentPhase1CriticalActionsTest.php" line="507" class="Tests\Feature\AIAgentPhase1CriticalActionsTest" classname="Tests.Feature.AIAgentPhase1CriticalActionsTest" assertions="4" time="0.364180"/>
      </testsuite>
      <testsuite name="Tests\Feature\AIAgentWorkflowIntelligenceTest" file="D:\Projects\DLMS_Project\tests\Feature\AIAgentWorkflowIntelligenceTest.php" tests="22" assertions="118" errors="0" failures="0" skipped="0" time="6.787962">
        <testcase name="test_fines_intent_executes_immediately" file="D:\Projects\DLMS_Project\tests\Feature\AIAgentWorkflowIntelligenceTest.php" line="92" class="Tests\Feature\AIAgentWorkflowIntelligenceTest" classname="Tests.Feature.AIAgentWorkflowIntelligenceTest" assertions="5" time="0.308065"/>
        <testcase name="test_licenses_intent_executes_immediately" file="D:\Projects\DLMS_Project\tests\Feature\AIAgentWorkflowIntelligenceTest.php" line="108" class="Tests\Feature\AIAgentWorkflowIntelligenceTest" classname="Tests.Feature.AIAgentWorkflowIntelligenceTest" assertions="3" time="0.297207"/>
        <testcase name="test_payment_blocked_when_application_is_draft" file="D:\Projects\DLMS_Project\tests\Feature\AIAgentWorkflowIntelligenceTest.php" line="122" class="Tests\Feature\AIAgentWorkflowIntelligenceTest" classname="Tests.Feature.AIAgentWorkflowIntelligenceTest" assertions="4" time="0.274010"/>
        <testcase name="test_appointment_blocked_when_application_is_draft" file="D:\Projects\DLMS_Project\tests\Feature\AIAgentWorkflowIntelligenceTest.php" line="138" class="Tests\Feature\AIAgentWorkflowIntelligenceTest" classname="Tests.Feature.AIAgentWorkflowIntelligenceTest" assertions="5" time="0.356857"/>
        <testcase name="test_admin_action_denied_for_document_approval_phrase" file="D:\Projects\DLMS_Project\tests\Feature\AIAgentWorkflowIntelligenceTest.php" line="155" class="Tests\Feature\AIAgentWorkflowIntelligenceTest" classname="Tests.Feature.AIAgentWorkflowIntelligenceTest" assertions="3" time="0.295473"/>
        <testcase name="test_deterministic_intent_overrides_gemini_general_help" file="D:\Projects\DLMS_Project\tests\Feature\AIAgentWorkflowIntelligenceTest.php" line="169" class="Tests\Feature\AIAgentWorkflowIntelligenceTest" classname="Tests.Feature.AIAgentWorkflowIntelligenceTest" assertions="3" time="0.266235"/>
        <testcase name="test_workflow_context_continues_after_status" file="D:\Projects\DLMS_Project\tests\Feature\AIAgentWorkflowIntelligenceTest.php" line="192" class="Tests\Feature\AIAgentWorkflowIntelligenceTest" classname="Tests.Feature.AIAgentWorkflowIntelligenceTest" assertions="3" time="0.373354"/>
        <testcase name="test_possessive_phrase_does_not_map_to_private_license" file="D:\Projects\DLMS_Project\tests\Feature\AIAgentWorkflowIntelligenceTest.php" line="210" class="Tests\Feature\AIAgentWorkflowIntelligenceTest" classname="Tests.Feature.AIAgentWorkflowIntelligenceTest" assertions="3" time="0.293069"/>
        <testcase name="test_available_tests_intent_executes_immediately" file="D:\Projects\DLMS_Project\tests\Feature\AIAgentWorkflowIntelligenceTest.php" line="225" class="Tests\Feature\AIAgentWorkflowIntelligenceTest" classname="Tests.Feature.AIAgentWorkflowIntelligenceTest" assertions="11" time="0.314652"/>
        <testcase name="test_appointment_slots_intent_executes_immediately_with_vision_test_type" file="D:\Projects\DLMS_Project\tests\Feature\AIAgentWorkflowIntelligenceTest.php" line="248" class="Tests\Feature\AIAgentWorkflowIntelligenceTest" classname="Tests.Feature.AIAgentWorkflowIntelligenceTest" assertions="10" time="0.340923"/>
        <testcase name="test_vague_book_appointment_shows_slots_without_executing_booking" file="D:\Projects\DLMS_Project\tests\Feature\AIAgentWorkflowIntelligenceTest.php" line="270" class="Tests\Feature\AIAgentWorkflowIntelligenceTest" classname="Tests.Feature.AIAgentWorkflowIntelligenceTest" assertions="9" time="0.300593"/>
        <testcase name="test_book_first_available_slot_creates_pending_confirmation_action" file="D:\Projects\DLMS_Project\tests\Feature\AIAgentWorkflowIntelligenceTest.php" line="291" class="Tests\Feature\AIAgentWorkflowIntelligenceTest" classname="Tests.Feature.AIAgentWorkflowIntelligenceTest" assertions="6" time="0.309585"/>
        <testcase name="test_current_appointments_after_booking_confirmation" file="D:\Projects\DLMS_Project\tests\Feature\AIAgentWorkflowIntelligenceTest.php" line="309" class="Tests\Feature\AIAgentWorkflowIntelligenceTest" classname="Tests.Feature.AIAgentWorkflowIntelligenceTest" assertions="16" time="0.370507"/>
        <testsuite name="Tests\Feature\AIAgentWorkflowIntelligenceTest::test_current_appointments_phrase_detection" tests="4" assertions="12" errors="0" failures="0" skipped="0" time="1.168819">
          <testcase name="test_current_appointments_phrase_detection with data set &quot;do_i_have_appointment&quot;" file="D:\Projects\DLMS_Project\tests\Feature\AIAgentWorkflowIntelligenceTest.php" line="348" class="Tests\Feature\AIAgentWorkflowIntelligenceTest" classname="Tests.Feature.AIAgentWorkflowIntelligenceTest" assertions="3" time="0.280067"/>
          <testcase name="test_current_appointments_phrase_detection with data set &quot;what_is_my_appointment&quot;" file="D:\Projects\DLMS_Project\tests\Feature\AIAgentWorkflowIntelligenceTest.php" line="348" class="Tests\Feature\AIAgentWorkflowIntelligenceTest" classname="Tests.Feature.AIAgentWorkflowIntelligenceTest" assertions="3" time="0.301227"/>
          <testcase name="test_current_appointments_phrase_detection with data set &quot;when_is_my_appointment&quot;" file="D:\Projects\DLMS_Project\tests\Feature\AIAgentWorkflowIntelligenceTest.php" line="348" class="Tests\Feature\AIAgentWorkflowIntelligenceTest" classname="Tests.Feature.AIAgentWorkflowIntelligenceTest" assertions="3" time="0.276819"/>
          <testcase name="test_current_appointments_phrase_detection with data set &quot;show_my_appointment&quot;" file="D:\Projects\DLMS_Project\tests\Feature\AIAgentWorkflowIntelligenceTest.php" line="348" class="Tests\Feature\AIAgentWorkflowIntelligenceTest" classname="Tests.Feature.AIAgentWorkflowIntelligenceTest" assertions="3" time="0.310706"/>
        </testsuite>
        <testcase name="test_current_appointments_none_suggests_booking_actions" file="D:\Projects\DLMS_Project\tests\Feature\AIAgentWorkflowIntelligenceTest.php" line="376" class="Tests\Feature\AIAgentWorkflowIntelligenceTest" classname="Tests.Feature.AIAgentWorkflowIntelligenceTest" assertions="5" time="0.273208"/>
        <testcase name="test_current_appointments_no_application_reply" file="D:\Projects\DLMS_Project\tests\Feature\AIAgentWorkflowIntelligenceTest.php" line="393" class="Tests\Feature\AIAgentWorkflowIntelligenceTest" classname="Tests.Feature.AIAgentWorkflowIntelligenceTest" assertions="5" time="0.279989"/>
        <testcase name="test_follow_up_when_is_my_appointment_uses_booked_context" file="D:\Projects\DLMS_Project\tests\Feature\AIAgentWorkflowIntelligenceTest.php" line="409" class="Tests\Feature\AIAgentWorkflowIntelligenceTest" classname="Tests.Feature.AIAgentWorkflowIntelligenceTest" assertions="7" time="0.367741"/>
        <testcase name="test_record_test_result_request_is_admin_denied" file="D:\Projects\DLMS_Project\tests\Feature\AIAgentWorkflowIntelligenceTest.php" line="436" class="Tests\Feature\AIAgentWorkflowIntelligenceTest" classname="Tests.Feature.AIAgentWorkflowIntelligenceTest" assertions="3" time="0.300710"/>
        <testcase name="test_available_tests_blocked_before_appointment_stage" file="D:\Projects\DLMS_Project\tests\Feature\AIAgentWorkflowIntelligenceTest.php" line="451" class="Tests\Feature\AIAgentWorkflowIntelligenceTest" classname="Tests.Feature.AIAgentWorkflowIntelligenceTest" assertions="5" time="0.296965"/>
      </testsuite>
[...]
        <testcase name="test_worker_crash_after_claim_leaves_recoverable_processing" file="D:\Projects\DLMS_Project\tests\Feature\PushProductionCertificationTest.php" line="304" class="Tests\Feature\PushProductionCertificationTest" classname="Tests.Feature.PushProductionCertificationTest" assertions="3" time="0.133746"/>
        <testcase name="test_push_disabled_skips_planning_and_fcm" file="D:\Projects\DLMS_Project\tests\Feature\PushProductionCertificationTest.php" line="324" class="Tests\Feature\PushProductionCertificationTest" classname="Tests.Feature.PushProductionCertificationTest" assertions="4" time="0.150777"/>
        <testcase name="test_push_enabled_boolean_false_string_is_false" file="D:\Projects\DLMS_Project\tests\Feature\PushProductionCertificationTest.php" line="356" class="Tests\Feature\PushProductionCertificationTest" classname="Tests.Feature.PushProductionCertificationTest" assertions="5" time="0.145150"/>
        <testcase name="test_no_secret_in_job_serialization" file="D:\Projects\DLMS_Project\tests\Feature\PushProductionCertificationTest.php" line="366" class="Tests\Feature\PushProductionCertificationTest" classname="Tests.Feature.PushProductionCertificationTest" assertions="7" time="0.146254"/>
        <testcase name="test_no_token_in_failed_job_payload_shape" file="D:\Projects\DLMS_Project\tests\Feature\PushProductionCertificationTest.php" line="377" class="Tests\Feature\PushProductionCertificationTest" classname="Tests.Feature.PushProductionCertificationTest" assertions="3" time="0.150851"/>
        <testcase name="test_db_notification_isolation_when_push_planning_errors" file="D:\Projects\DLMS_Project\tests\Feature\PushProductionCertificationTest.php" line="396" class="Tests\Feature\PushProductionCertificationTest" classname="Tests.Feature.PushProductionCertificationTest" assertions="2" time="0.127258"/>
        <testcase name="test_docker_entrypoint_starts_supervisord_with_queue_push" file="D:\Projects\DLMS_Project\tests\Feature\PushProductionCertificationTest.php" line="419" class="Tests\Feature\PushProductionCertificationTest" classname="Tests.Feature.PushProductionCertificationTest" assertions="6" time="0.147990"/>
      </testsuite>
      <testsuite name="Tests\Feature\RecipientNotificationLocaleTest" file="D:\Projects\DLMS_Project\tests\Feature\RecipientNotificationLocaleTest.php" tests="10" assertions="42" errors="0" failures="0" skipped="0" time="1.691991">
        <testcase name="test_ar_recipient_stores_arabic_title_and_body" file="D:\Projects\DLMS_Project\tests\Feature\RecipientNotificationLocaleTest.php" line="50" class="Tests\Feature\RecipientNotificationLocaleTest" classname="Tests.Feature.RecipientNotificationLocaleTest" assertions="3" time="0.183286"/>
        <testcase name="test_en_recipient_stores_english_title_and_body" file="D:\Projects\DLMS_Project\tests\Feature\RecipientNotificationLocaleTest.php" line="69" class="Tests\Feature\RecipientNotificationLocaleTest" classname="Tests.Feature.RecipientNotificationLocaleTest" assertions="3" time="0.170615"/>
        <testcase name="test_request_locale_does_not_override_recipient_language" file="D:\Projects\DLMS_Project\tests\Feature\RecipientNotificationLocaleTest.php" line="88" class="Tests\Feature\RecipientNotificationLocaleTest" classname="Tests.Feature.RecipientNotificationLocaleTest" assertions="6" time="0.185043"/>
        <testcase name="test_dashboard_created_notification_respects_recipient_language" file="D:\Projects\DLMS_Project\tests\Feature\RecipientNotificationLocaleTest.php" line="117" class="Tests\Feature\RecipientNotificationLocaleTest" classname="Tests.Feature.RecipientNotificationLocaleTest" assertions="5" time="0.158839"/>
        <testcase name="test_payment_lifecycle_notification_respects_recipient_language" file="D:\Projects\DLMS_Project\tests\Feature\RecipientNotificationLocaleTest.php" line="141" class="Tests\Feature\RecipientNotificationLocaleTest" classname="Tests.Feature.RecipientNotificationLocaleTest" assertions="6" time="0.171114"/>
        <testcase name="test_placeholders_are_substituted_and_free_text_is_preserved" file="D:\Projects\DLMS_Project\tests\Feature\RecipientNotificationLocaleTest.php" line="170" class="Tests\Feature\RecipientNotificationLocaleTest" classname="Tests.Feature.RecipientNotificationLocaleTest" assertions="6" time="0.174077"/>
        <testcase name="test_unsupported_or_null_language_falls_back_to_arabic" file="D:\Projects\DLMS_Project\tests\Feature\RecipientNotificationLocaleTest.php" line="191" class="Tests\Feature\RecipientNotificationLocaleTest" classname="Tests.Feature.RecipientNotificationLocaleTest" assertions="4" time="0.155349"/>
        <testcase name="test_historical_notification_is_returned_unchanged_after_language_change" file="D:\Projects\DLMS_Project\tests\Feature\RecipientNotificationLocaleTest.php" line="215" class="Tests\Feature\RecipientNotificationLocaleTest" classname="Tests.Feature.RecipientNotificationLocaleTest" assertions="6" time="0.162489"/>
        <testcase name="test_application_status_notification_uses_recipient_language" file="D:\Projects\DLMS_Project\tests\Feature\RecipientNotificationLocaleTest.php" line="244" class="Tests\Feature\RecipientNotificationLocaleTest" classname="Tests.Feature.RecipientNotificationLocaleTest" assertions="2" time="0.161242"/>
        <testcase name="test_send_localized_does_not_mutate_app_locale" file="D:\Projects\DLMS_Project\tests\Feature\RecipientNotificationLocaleTest.php" line="266" class="Tests\Feature\RecipientNotificationLocaleTest" classname="Tests.Feature.RecipientNotificationLocaleTest" assertions="1" time="0.169936"/>
      </testsuite>
      <testsuite name="Tests\Feature\RequestLocaleTest" file="D:\Projects\DLMS_Project\tests\Feature\RequestLocaleTest.php" tests="17" assertions="72" errors="0" failures="0" skipped="0" time="2.340824">
        <testcase name="test_guest_without_header_resolves_ar" file="D:\Projects\DLMS_Project\tests\Feature\RequestLocaleTest.php" line="28" class="Tests\Feature\RequestLocaleTest" classname="Tests.Feature.RequestLocaleTest" assertions="5" time="0.131159"/>
        <testcase name="test_guest_accept_language_ar_resolves_ar" file="D:\Projects\DLMS_Project\tests\Feature\RequestLocaleTest.php" line="36" class="Tests\Feature\RequestLocaleTest" classname="Tests.Feature.RequestLocaleTest" assertions="3" time="0.128807"/>
        <testcase name="test_guest_accept_language_en_resolves_en" file="D:\Projects\DLMS_Project\tests\Feature\RequestLocaleTest.php" line="44" class="Tests\Feature\RequestLocaleTest" classname="Tests.Feature.RequestLocaleTest" assertions="3" time="0.144635"/>
        <testcase name="test_en_us_normalizes_to_en" file="D:\Projects\DLMS_Project\tests\Feature\RequestLocaleTest.php" line="52" class="Tests\Feature\RequestLocaleTest" classname="Tests.Feature.RequestLocaleTest" assertions="3" time="0.125807"/>
        <testcase name="test_ar_sy_normalizes_to_ar" file="D:\Projects\DLMS_Project\tests\Feature\RequestLocaleTest.php" line="60" class="Tests\Feature\RequestLocaleTest" classname="Tests.Feature.RequestLocaleTest" assertions="3" time="0.157372"/>
        <testcase name="test_q_value_negotiation_prefers_supported_locale" file="D:\Projects\DLMS_Project\tests\Feature\RequestLocaleTest.php" line="68" class="Tests\Feature\RequestLocaleTest" classname="Tests.Feature.RequestLocaleTest" assertions="6" time="0.137563"/>
        <testcase name="test_unsupported_header_without_user_falls_back_to_ar" file="D:\Projects\DLMS_Project\tests\Feature\RequestLocaleTest.php" line="81" class="Tests\Feature\RequestLocaleTest" classname="Tests.Feature.RequestLocaleTest" assertions="3" time="0.133511"/>
        <testcase name="test_authenticated_user_language_en_without_header_resolves_en" file="D:\Projects\DLMS_Project\tests\Feature\RequestLocaleTest.php" line="89" class="Tests\Feature\RequestLocaleTest" classname="Tests.Feature.RequestLocaleTest" assertions="4" time="0.138467"/>
        <testcase name="test_authenticated_user_language_ar_without_header_resolves_ar" file="D:\Projects\DLMS_Project\tests\Feature\RequestLocaleTest.php" line="99" class="Tests\Feature\RequestLocaleTest" classname="Tests.Feature.RequestLocaleTest" assertions="4" time="0.133951"/>
        <testcase name="test_accept_language_overrides_stored_preference_for_request_only" file="D:\Projects\DLMS_Project\tests\Feature\RequestLocaleTest.php" line="109" class="Tests\Feature\RequestLocaleTest" classname="Tests.Feature.RequestLocaleTest" assertions="5" time="0.152499"/>
        <testcase name="test_unsupported_header_does_not_override_stored_user_preference" file="D:\Projects\DLMS_Project\tests\Feature\RequestLocaleTest.php" line="126" class="Tests\Feature\RequestLocaleTest" classname="Tests.Feature.RequestLocaleTest" assertions="3" time="0.129120"/>
        <testcase name="test_malformed_accept_language_falls_back_safely" file="D:\Projects\DLMS_Project\tests\Feature\RequestLocaleTest.php" line="136" class="Tests\Feature\RequestLocaleTest" classname="Tests.Feature.RequestLocaleTest" assertions="6" time="0.139439"/>
        <testcase name="test_existing_vary_header_is_preserved_and_accept_language_appended" file="D:\Projects\DLMS_Project\tests\Feature\RequestLocaleTest.php" line="151" class="Tests\Feature\RequestLocaleTest" classname="Tests.Feature.RequestLocaleTest" assertions="6" time="0.152505"/>
        <testcase name="test_locale_does_not_leak_between_requests" file="D:\Projects\DLMS_Project\tests\Feature\RequestLocaleTest.php" line="169" class="Tests\Feature\RequestLocaleTest" classname="Tests.Feature.RequestLocaleTest" assertions="8" time="0.139877"/>
        <testcase name="test_dashboard_routes_do_not_use_citizen_locale_middleware" file="D:\Projects\DLMS_Project\tests\Feature\RequestLocaleTest.php" line="187" class="Tests\Feature\RequestLocaleTest" classname="Tests.Feature.RequestLocaleTest" assertions="2" time="0.128021"/>
        <testcase name="test_english_validation_uses_en_pack_for_guest_login" file="D:\Projects\DLMS_Project\tests\Feature\RequestLocaleTest.php" line="199" class="Tests\Feature\RequestLocaleTest" classname="Tests.Feature.RequestLocaleTest" assertions="4" time="0.140248"/>
        <testcase name="test_arabic_validation_remains_compatible_for_guest_login" file="D:\Projects\DLMS_Project\tests\Feature\RequestLocaleTest.php" line="208" class="Tests\Feature\RequestLocaleTest" classname="Tests.Feature.RequestLocaleTest" assertions="4" time="0.127843"/>
      </testsuite>
      <testsuite name="Tests\Feature\SendPushNotificationJobTest" file="D:\Projects\DLMS_Project\tests\Feature\SendPushNotificationJobTest.php" tests="14" assertions="55" errors="0" failures="0" skipped="0" time="2.121457">
        <testcase name="test_job_payload_contains_delivery_id_only" file="D:\Projects\DLMS_Project\tests\Feature\SendPushNotificationJobTest.php" line="44" class="Tests\Feature\SendPushNotificationJobTest" classname="Tests.Feature.SendPushNotificationJobTest" assertions="3" time="0.146924"/>
        <testcase name="test_successful_send_marks_delivery_sent" file="D:\Projects\DLMS_Project\tests\Feature\SendPushNotificationJobTest.php" line="54" class="Tests\Feature\SendPushNotificationJobTest" classname="Tests.Feature.SendPushNotificationJobTest" assertions="5" time="0.133194"/>
        <testcase name="test_push_uses_stored_arabic_title_body_without_retranslation" file="D:\Projects\DLMS_Project\tests\Feature\SendPushNotificationJobTest.php" line="70" class="Tests\Feature\SendPushNotificationJobTest" classname="Tests.Feature.SendPushNotificationJobTest" assertions="9" time="0.154633"/>
        <testcase name="test_unregistered_marks_invalid_and_deletes_device" file="D:\Projects\DLMS_Project\tests\Feature\SendPushNotificationJobTest.php" line="101" class="Tests\Feature\SendPushNotificationJobTest" classname="Tests.Feature.SendPushNotificationJobTest" assertions="2" time="0.157487"/>
        <testcase name="test_token_rotation_race_does_not_delete_new_token" file="D:\Projects\DLMS_Project\tests\Feature\SendPushNotificationJobTest.php" line="113" class="Tests\Feature\SendPushNotificationJobTest" classname="Tests.Feature.SendPushNotificationJobTest" assertions="4" time="0.136894"/>
        <testcase name="test_permanent_failure_does_not_delete_device_or_retry" file="D:\Projects\DLMS_Project\tests\Feature\SendPushNotificationJobTest.php" line="151" class="Tests\Feature\SendPushNotificationJobTest" classname="Tests.Feature.SendPushNotificationJobTest" assertions="3" time="0.155242"/>
        <testcase name="test_retryable_failure_releases_job_and_keeps_pending" file="D:\Projects\DLMS_Project\tests\Feature\SendPushNotificationJobTest.php" line="163" class="Tests\Feature\SendPushNotificationJobTest" classname="Tests.Feature.SendPushNotificationJobTest" assertions="3" time="0.158768"/>
        <testcase name="test_deleted_device_before_processing_is_safe" file="D:\Projects\DLMS_Project\tests\Feature\SendPushNotificationJobTest.php" line="197" class="Tests\Feature\SendPushNotificationJobTest" classname="Tests.Feature.SendPushNotificationJobTest" assertions="3" time="0.130734"/>
        <testcase name="test_token_rotation_during_unregistered_does_not_delete_new_token" file="D:\Projects\DLMS_Project\tests\Feature\SendPushNotificationJobTest.php" line="213" class="Tests\Feature\SendPushNotificationJobTest" classname="Tests.Feature.SendPushNotificationJobTest" assertions="5" time="0.154983"/>
        <testcase name="test_token_rotation_before_execution_uses_current_token" file="D:\Projects\DLMS_Project\tests\Feature\SendPushNotificationJobTest.php" line="242" class="Tests\Feature\SendPushNotificationJobTest" classname="Tests.Feature.SendPushNotificationJobTest" assertions="3" time="0.206749"/>
        <testcase name="test_authentication_failure_does_not_delete_device" file="D:\Projects\DLMS_Project\tests\Feature\SendPushNotificationJobTest.php" line="268" class="Tests\Feature\SendPushNotificationJobTest" classname="Tests.Feature.SendPushNotificationJobTest" assertions="3" time="0.140834"/>
        <testcase name="test_payload_builder_stringifies_and_strips_forbidden_keys" file="D:\Projects\DLMS_Project\tests\Feature\SendPushNotificationJobTest.php" line="280" class="Tests\Feature\SendPushNotificationJobTest" classname="Tests.Feature.SendPushNotificationJobTest" assertions="7" time="0.141440"/>
        <testcase name="test_token_not_logged_on_failure" file="D:\Projects\DLMS_Project\tests\Feature\SendPushNotificationJobTest.php" line="299" class="Tests\Feature\SendPushNotificationJobTest" classname="Tests.Feature.SendPushNotificationJobTest" assertions="2" time="0.150973"/>
        <testcase name="test_no_public_send_routes" file="D:\Projects\DLMS_Project\tests\Feature\SendPushNotificationJobTest.php" line="316" class="Tests\Feature\SendPushNotificationJobTest" classname="Tests.Feature.SendPushNotificationJobTest" assertions="3" time="0.152602"/>
      </testsuite>
      <testsuite name="Tests\Feature\ServiceTypesApiTest" file="D:\Projects\DLMS_Project\tests\Feature\ServiceTypesApiTest.php" tests="3" assertions="46" errors="0" failures="0" skipped="0" time="0.147702">
        <testcase name="test_service_types_api_returns_description" file="D:\Projects\DLMS_Project\tests\Feature\ServiceTypesApiTest.php" line="19" class="Tests\Feature\ServiceTypesApiTest" classname="Tests.Feature.ServiceTypesApiTest" assertions="28" time="0.058713"/>
        <testcase name="test_seeded_service_type_codes_are_unchanged" file="D:\Projects\DLMS_Project\tests\Feature\ServiceTypesApiTest.php" line="40" class="Tests\Feature\ServiceTypesApiTest" classname="Tests.Feature.ServiceTypesApiTest" assertions="2" time="0.046187"/>
        <testcase name="test_seeded_descriptions_are_arabic" file="D:\Projects\DLMS_Project\tests\Feature\ServiceTypesApiTest.php" line="55" class="Tests\Feature\ServiceTypesApiTest" classname="Tests.Feature.ServiceTypesApiTest" assertions="16" time="0.042803"/>
      </testsuite>
      <testsuite name="Tests\Feature\SettingsTest" file="D:\Projects\DLMS_Project\tests\Feature\SettingsTest.php" tests="7" assertions="38" errors="0" failures="0" skipped="0" time="1.011652">
        <testcase name="test_authenticated_citizen_can_get_settings_with_account_and_preferences" file="D:\Projects\DLMS_Project\tests\Feature\SettingsTest.php" line="35" class="Tests\Feature\SettingsTest" classname="Tests.Feature.SettingsTest" assertions="19" time="0.160835"/>
        <testcase name="test_settings_require_authentication" file="D:\Projects\DLMS_Project\tests\Feature\SettingsTest.php" line="57" class="Tests\Feature\SettingsTest" classname="Tests.Feature.SettingsTest" assertions="1" time="0.133678"/>
        <testcase name="test_citizen_can_update_language_and_theme" file="D:\Projects\DLMS_Project\tests\Feature\SettingsTest.php" line="62" class="Tests\Feature\SettingsTest" classname="Tests.Feature.SettingsTest" assertions="4" time="0.142543"/>
        <testcase name="test_invalid_theme_or_language_returns_validation_error" file="D:\Projects\DLMS_Project\tests\Feature\SettingsTest.php" line="83" class="Tests\Feature\SettingsTest" classname="Tests.Feature.SettingsTest" assertions="4" time="0.138051"/>
        <testcase name="test_citizen_can_change_password_and_old_password_stops_working" file="D:\Projects\DLMS_Project\tests\Feature\SettingsTest.php" line="94" class="Tests\Feature\SettingsTest" classname="Tests.Feature.SettingsTest" assertions="4" time="0.147597"/>
        <testcase name="test_wrong_current_password_returns_arabic_error" file="D:\Projects\DLMS_Project\tests\Feature\SettingsTest.php" line="112" class="Tests\Feature\SettingsTest" classname="Tests.Feature.SettingsTest" assertions="3" time="0.129249"/>
        <testcase name="test_new_password_works_for_login_after_change" file="D:\Projects\DLMS_Project\tests\Feature\SettingsTest.php" line="125" class="Tests\Feature\SettingsTest" classname="Tests.Feature.SettingsTest" assertions="3" time="0.159698"/>
      </testsuite>
      <testsuite name="Tests\Feature\SuperAdminProtectionTest" file="D:\Projects\DLMS_Project\tests\Feature\SuperAdminProtectionTest.php" tests="5" assertions="12" errors="0" failures="0" skipped="0" time="0.882320">
        <testcase name="test_last_super_admin_role_cannot_be_removed" file="D:\Projects\DLMS_Project\tests\Feature\SuperAdminProtectionTest.php" line="27" class="Tests\Feature\SuperAdminProtectionTest" classname="Tests.Feature.SuperAdminProtectionTest" assertions="1" time="0.178705"/>
        <testcase name="test_protected_role_cannot_be_archived" file="D:\Projects\DLMS_Project\tests\Feature\SuperAdminProtectionTest.php" line="41" class="Tests\Feature\SuperAdminProtectionTest" classname="Tests.Feature.SuperAdminProtectionTest" assertions="1" time="0.160925"/>
        <testcase name="test_bootstrap_is_idempotent_and_does_not_overwrite_role_permissions" file="D:\Projects\DLMS_Project\tests\Feature\SuperAdminProtectionTest.php" line="51" class="Tests\Feature\SuperAdminProtectionTest" classname="Tests.Feature.SuperAdminProtectionTest" assertions="2" time="0.200931"/>
        <testcase name="test_document_reviewer_repair_dry_run_and_apply" file="D:\Projects\DLMS_Project\tests\Feature\SuperAdminProtectionTest.php" line="75" class="Tests\Feature\SuperAdminProtectionTest" classname="Tests.Feature.SuperAdminProtectionTest" assertions="5" time="0.162799"/>
        <testcase name="test_password_confirmation_value_is_not_logged" file="D:\Projects\DLMS_Project\tests\Feature\SuperAdminProtectionTest.php" line="92" class="Tests\Feature\SuperAdminProtectionTest" classname="Tests.Feature.SuperAdminProtectionTest" assertions="3" time="0.178960"/>
      </testsuite>
    </testsuite>
  </testsuite>
</testsuites>
